Using pre-set license
Built from '2020.3/staging' branch; Version is '2020.3.0f1 (c7b5465681fb) revision 13088070'; Using compiler version '192528614'; Build Type 'Release'
OS: 'Windows 10 Education; OS build 18363.1440; Version 1909; 64bit' Language: 'en' Physical Memory: 16348 MB
BatchMode: 1, IsHumanControllingUs: 0, StartBugReporterOnCrash: 0, Is64bit: 1, IsPro: 0

 COMMAND LINE ARGUMENTS:
C:\Program Files\Unity\Hub\Editor\2020.3.0f1\Editor\Unity.exe
-adb2
-batchMode
-noUpm
-name
AssetImportWorker0
-projectPath
D:/Pictures on hdd/HKU/Project Context I/Prototype radio/Radio-minigame/RadioMinigame Prototype 0.1
-logFile
Logs/AssetImportWorker0.log
-srvPort
64546
Successfully changed project path to: D:/Pictures on hdd/HKU/Project Context I/Prototype radio/Radio-minigame/RadioMinigame Prototype 0.1
D:/Pictures on hdd/HKU/Project Context I/Prototype radio/Radio-minigame/RadioMinigame Prototype 0.1
Using Asset Import Pipeline V2.
Refreshing native plugins compatible for Editor in 32.00 ms, found 0 plugins.
Preloading 0 native plugins for Editor in 0.00 ms.
Initialize engine version: 2020.3.0f1 (c7b5465681fb)
[Subsystems] Discovering subsystems at path C:/Program Files/Unity/Hub/Editor/2020.3.0f1/Editor/Data/Resources/UnitySubsystems
[Subsystems] Discovering subsystems at path D:/Pictures on hdd/HKU/Project Context I/Prototype radio/Radio-minigame/RadioMinigame Prototype 0.1/Assets
GfxDevice: creating device client; threaded=0
Direct3D:
    Version:  Direct3D 11.0 [level 11.1]
    Renderer: NVIDIA GeForce GTX 1050 Ti (ID=0x1c82)
    Vendor:   
    VRAM:     4018 MB
    Driver:   27.21.14.6140
Initialize mono
Mono path[0] = 'C:/Program Files/Unity/Hub/Editor/2020.3.0f1/Editor/Data/Managed'
Mono path[1] = 'C:/Program Files/Unity/Hub/Editor/2020.3.0f1/Editor/Data/MonoBleedingEdge/lib/mono/unityjit'
Mono config path = 'C:/Program Files/Unity/Hub/Editor/2020.3.0f1/Editor/Data/MonoBleedingEdge/etc'
Using monoOptions --debugger-agent=transport=dt_socket,embedding=1,server=y,suspend=n,address=127.0.0.1:56688
Begin MonoManager ReloadAssembly
Registering precompiled unity dll's ...
Register platform support module: C:/Program Files/Unity/Hub/Editor/2020.3.0f1/Editor/Data/PlaybackEngines/WebGLSupport/UnityEditor.WebGL.Extensions.dll
Register platform support module: C:/Program Files/Unity/Hub/Editor/2020.3.0f1/Editor/Data/PlaybackEngines/WindowsStandaloneSupport/UnityEditor.WindowsStandalone.Extensions.dll
Registered in 0.002165 seconds.
Native extension for WindowsStandalone target not found
Native extension for WebGL target not found
Refreshing native plugins compatible for Editor in 25.43 ms, found 0 plugins.
Preloading 0 native plugins for Editor in 0.00 ms.
Invoked RoslynAnalysisRunner static constructor.
RoslynAnalysisRunner will not be running.
RoslynAnalysisRunner has terminated.
Mono: successfully reloaded assembly
- Completed reload, in  1.162 seconds
Platform modules already initialized, skipping
Registering precompiled user dll's ...
Registered in 0.000634 seconds.
Begin MonoManager ReloadAssembly
Native extension for WindowsStandalone target not found
Native extension for WebGL target not found
Refreshing native plugins compatible for Editor in 0.23 ms, found 0 plugins.
Preloading 0 native plugins for Editor in 0.00 ms.
Invoked RoslynAnalysisRunner static constructor.
RoslynAnalysisRunner will not be running.
RoslynAnalysisRunner has terminated.
Mono: successfully reloaded assembly
- Completed reload, in  1.037 seconds
Platform modules already initialized, skipping
========================================================================
Worker process is ready to serve import requests
Launched and connected shader compiler UnityShaderCompiler.exe after 0.09 seconds
Refreshing native plugins compatible for Editor in 0.25 ms, found 0 plugins.
Preloading 0 native plugins for Editor in 0.00 ms.
Unloading 1174 Unused Serialized files (Serialized files now loaded: 0)
System memory in use before: 61.0 MB.
System memory in use after: 61.0 MB.

Unloading 10 unused Assets to reduce memory usage. Loaded Objects now: 1617.
Total: 3.655300 ms (FindLiveObjects: 0.709400 ms CreateObjectMapping: 0.121900 ms MarkObjects: 2.667800 ms  DeleteObjects: 0.153200 ms)

========================================================================
Received Import Request.
  path: Assets/Scenes/RadioSoundGame.unity
  artifactKey: Guid(e5abdb7634d9c4e4ba162c86265cbc4e) Importer(815301076,1909f56bfc062723c751e8b465ee728b)
Start importing Assets/Scenes/RadioSoundGame.unity using Guid(e5abdb7634d9c4e4ba162c86265cbc4e) Importer(815301076,1909f56bfc062723c751e8b465ee728b)  -> (artifact id: '7fa402aa78b1a87346c68f836a0377a6') in 0.045706 seconds
  Import took 0.048528 seconds .

========================================================================
Received Import Request.
  Time since last request: 33.975170 seconds.
  path: Assets/Scenes/WhackAMoleRadio.unity
  artifactKey: Guid(9fc0d4010bbf28b4594072e72b8655ab) Importer(815301076,1909f56bfc062723c751e8b465ee728b)
Start importing Assets/Scenes/WhackAMoleRadio.unity using Guid(9fc0d4010bbf28b4594072e72b8655ab) Importer(815301076,1909f56bfc062723c751e8b465ee728b)  -> (artifact id: 'a6b8f5114b2596d8d54ed9e23aa5d401') in 0.010326 seconds
  Import took 0.012970 seconds .

========================================================================
Received Import Request.
  Time since last request: 8.605282 seconds.
  path: Assets/Scenes/Radio.unity
  artifactKey: Guid(9fc0d4010bbf28b4594072e72b8655ab) Importer(815301076,1909f56bfc062723c751e8b465ee728b)
Start importing Assets/Scenes/Radio.unity using Guid(9fc0d4010bbf28b4594072e72b8655ab) Importer(815301076,1909f56bfc062723c751e8b465ee728b)  -> (artifact id: '6f05c48b63195f66b65ddde9d94ae0e6') in 0.010185 seconds
  Import took 0.013358 seconds .

========================================================================
Received Prepare
Registering precompiled user dll's ...
Registered in 0.000617 seconds.
Begin MonoManager ReloadAssembly
Native extension for WindowsStandalone target not found
Native extension for WebGL target not found
Refreshing native plugins compatible for Editor in 0.38 ms, found 0 plugins.
Preloading 0 native plugins for Editor in 0.00 ms.
Invoked RoslynAnalysisRunner static constructor.
RoslynAnalysisRunner will not be running.
RoslynAnalysisRunner has terminated.
Mono: successfully reloaded assembly
- Completed reload, in  1.272 seconds
Platform modules already initialized, skipping
Refreshing native plugins compatible for Editor in 0.39 ms, found 0 plugins.
Preloading 0 native plugins for Editor in 0.00 ms.
Unloading 1148 Unused Serialized files (Serialized files now loaded: 0)
System memory in use before: 59.7 MB.
System memory in use after: 59.8 MB.

Unloading 13 unused Assets to reduce memory usage. Loaded Objects now: 1612.
Total: 3.251100 ms (FindLiveObjects: 0.271300 ms CreateObjectMapping: 0.097300 ms MarkObjects: 2.790700 ms  DeleteObjects: 0.089200 ms)

========================================================================
Received Prepare
Registering precompiled user dll's ...
Registered in 0.000762 seconds.
Begin MonoManager ReloadAssembly
Native extension for WindowsStandalone target not found
Native extension for WebGL target not found
Refreshing native plugins compatible for Editor in 0.23 ms, found 0 plugins.
Preloading 0 native plugins for Editor in 0.00 ms.
Invoked RoslynAnalysisRunner static constructor.
RoslynAnalysisRunner will not be running.
RoslynAnalysisRunner has terminated.
Mono: successfully reloaded assembly
- Completed reload, in  1.017 seconds
Platform modules already initialized, skipping
Refreshing native plugins compatible for Editor in 0.22 ms, found 0 plugins.
Preloading 0 native plugins for Editor in 0.00 ms.
Unloading 1148 Unused Serialized files (Serialized files now loaded: 0)
System memory in use before: 59.7 MB.
System memory in use after: 59.8 MB.

Unloading 5 unused Assets to reduce memory usage. Loaded Objects now: 1615.
Total: 3.062500 ms (FindLiveObjects: 0.217600 ms CreateObjectMapping: 0.167500 ms MarkObjects: 2.596900 ms  DeleteObjects: 0.078600 ms)

========================================================================
Received Prepare
Registering precompiled user dll's ...
Registered in 0.000705 seconds.
Begin MonoManager ReloadAssembly
Native extension for WindowsStandalone target not found
Native extension for WebGL target not found
Refreshing native plugins compatible for Editor in 0.22 ms, found 0 plugins.
Preloading 0 native plugins for Editor in 0.00 ms.
Invoked RoslynAnalysisRunner static constructor.
RoslynAnalysisRunner will not be running.
RoslynAnalysisRunner has terminated.
Mono: successfully reloaded assembly
- Completed reload, in  0.995 seconds
Platform modules already initialized, skipping
Refreshing native plugins compatible for Editor in 0.26 ms, found 0 plugins.
Preloading 0 native plugins for Editor in 0.00 ms.
Unloading 1148 Unused Serialized files (Serialized files now loaded: 0)
System memory in use before: 59.7 MB.
System memory in use after: 59.8 MB.

Unloading 5 unused Assets to reduce memory usage. Loaded Objects now: 1618.
Total: 2.007000 ms (FindLiveObjects: 0.141300 ms CreateObjectMapping: 0.036200 ms MarkObjects: 1.771500 ms  DeleteObjects: 0.056800 ms)

========================================================================
Received Import Request.
  Time since last request: 390.738301 seconds.
  path: Assets/Scripts/Knoppen/Geel.cs
  artifactKey: Guid(88c1bd170182e2b43be2a2fc138f9f9d) Importer(815301076,1909f56bfc062723c751e8b465ee728b)
Start importing Assets/Scripts/Knoppen/Geel.cs using Guid(88c1bd170182e2b43be2a2fc138f9f9d) Importer(815301076,1909f56bfc062723c751e8b465ee728b)  -> (artifact id: '47ccf956c26cf9d9b1efb31103b76452') in 0.064792 seconds
  Import took 0.071893 seconds .

========================================================================
Received Prepare
Registering precompiled user dll's ...
Registered in 0.001302 seconds.
Begin MonoManager ReloadAssembly
Native extension for WindowsStandalone target not found
Native extension for WebGL target not found
Refreshing native plugins compatible for Editor in 0.23 ms, found 0 plugins.
Preloading 0 native plugins for Editor in 0.00 ms.
Invoked RoslynAnalysisRunner static constructor.
RoslynAnalysisRunner will not be running.
RoslynAnalysisRunner has terminated.
Mono: successfully reloaded assembly
- Completed reload, in  1.316 seconds
Platform modules already initialized, skipping
Refreshing native plugins compatible for Editor in 0.49 ms, found 0 plugins.
Preloading 0 native plugins for Editor in 0.00 ms.
Unloading 1149 Unused Serialized files (Serialized files now loaded: 0)
System memory in use before: 59.8 MB.
System memory in use after: 59.9 MB.

Unloading 5 unused Assets to reduce memory usage. Loaded Objects now: 1622.
Total: 4.246500 ms (FindLiveObjects: 0.455300 ms CreateObjectMapping: 0.120800 ms MarkObjects: 3.593900 ms  DeleteObjects: 0.073800 ms)

========================================================================
Received Import Request.
  Time since last request: 15.334878 seconds.
  path: Assets/Scripts/Knoppen/Geel1.cs
  artifactKey: Guid(fb2e48b9097dc64449d050305300d9fe) Importer(815301076,1909f56bfc062723c751e8b465ee728b)
Start importing Assets/Scripts/Knoppen/Geel1.cs using Guid(fb2e48b9097dc64449d050305300d9fe) Importer(815301076,1909f56bfc062723c751e8b465ee728b)  -> (artifact id: '6619a1aeab672ef59e7f837fa36a0c8c') in 0.038883 seconds
  Import took 0.042531 seconds .

========================================================================
Received Import Request.
  Time since last request: 0.000310 seconds.
  path: Assets/Scripts/Knoppen/Geel1.cs
  artifactKey: Guid(fb2e48b9097dc64449d050305300d9fe) Importer(815301076,1909f56bfc062723c751e8b465ee728b)
Start importing Assets/Scripts/Knoppen/Geel1.cs using Guid(fb2e48b9097dc64449d050305300d9fe) Importer(815301076,1909f56bfc062723c751e8b465ee728b)  -> (artifact id: '6619a1aeab672ef59e7f837fa36a0c8c') in 0.008920 seconds
  Import took 0.013232 seconds .

========================================================================
Received Import Request.
  Time since last request: 0.882644 seconds.
  path: Assets/Scripts/Knoppen/Geel2.cs
  artifactKey: Guid(f424021a05eebb943a304b59d0640848) Importer(815301076,1909f56bfc062723c751e8b465ee728b)
Start importing Assets/Scripts/Knoppen/Geel2.cs using Guid(f424021a05eebb943a304b59d0640848) Importer(815301076,1909f56bfc062723c751e8b465ee728b)  -> (artifact id: '7079e48772f66cc744185ce4fb1d678d') in 0.297014 seconds
  Import took 0.357745 seconds .

========================================================================
Received Import Request.
  Time since last request: 0.289980 seconds.
  path: Assets/Scripts/Knoppen/Geel3.cs
  artifactKey: Guid(1fe58dfa28bb5794ea9a593ff99ad4a7) Importer(815301076,1909f56bfc062723c751e8b465ee728b)
Start importing Assets/Scripts/Knoppen/Geel3.cs using Guid(1fe58dfa28bb5794ea9a593ff99ad4a7) Importer(815301076,1909f56bfc062723c751e8b465ee728b)  -> (artifact id: '8815fc37ab7be39c1a8e1fb7b39f0c75') in 0.020760 seconds
  Import took 0.028310 seconds .

========================================================================
Received Prepare
Registering precompiled user dll's ...
Registered in 0.000909 seconds.
Begin MonoManager ReloadAssembly
Native extension for WindowsStandalone target not found
Native extension for WebGL target not found
Refreshing native plugins compatible for Editor in 0.23 ms, found 0 plugins.
Preloading 0 native plugins for Editor in 0.00 ms.
Invoked RoslynAnalysisRunner static constructor.
RoslynAnalysisRunner will not be running.
RoslynAnalysisRunner has terminated.
Mono: successfully reloaded assembly
- Completed reload, in  0.964 seconds
Platform modules already initialized, skipping
Refreshing native plugins compatible for Editor in 0.22 ms, found 0 plugins.
Preloading 0 native plugins for Editor in 0.00 ms.
Unloading 1152 Unused Serialized files (Serialized files now loaded: 0)
System memory in use before: 59.8 MB.
System memory in use after: 59.9 MB.

Unloading 5 unused Assets to reduce memory usage. Loaded Objects now: 1628.
Total: 1.546700 ms (FindLiveObjects: 0.135100 ms CreateObjectMapping: 0.044200 ms MarkObjects: 1.315200 ms  DeleteObjects: 0.051000 ms)

========================================================================
Received Import Request.
  Time since last request: 43.982152 seconds.
  path: Assets/Scripts/Knoppen/Geel1.cs
  artifactKey: Guid(fb2e48b9097dc64449d050305300d9fe) Importer(815301076,1909f56bfc062723c751e8b465ee728b)
Start importing Assets/Scripts/Knoppen/Geel1.cs using Guid(fb2e48b9097dc64449d050305300d9fe) Importer(815301076,1909f56bfc062723c751e8b465ee728b)  -> (artifact id: '96aa4943a1b2394d2e0aeb52a8e38a99') in 0.004854 seconds
  Import took 0.006744 seconds .

========================================================================
Received Import Request.
  Time since last request: 4.531331 seconds.
  path: Assets/Scripts/Knoppen/Rood.cs
  artifactKey: Guid(fb2e48b9097dc64449d050305300d9fe) Importer(815301076,1909f56bfc062723c751e8b465ee728b)
Start importing Assets/Scripts/Knoppen/Rood.cs using Guid(fb2e48b9097dc64449d050305300d9fe) Importer(815301076,1909f56bfc062723c751e8b465ee728b)  -> (artifact id: '9928cbfa8ea8b43fc57c17caff9964c3') in 0.026719 seconds
  Import took 0.036653 seconds .

========================================================================
Received Prepare
Registering precompiled user dll's ...
Registered in 0.001339 seconds.
Begin MonoManager ReloadAssembly
Native extension for WindowsStandalone target not found
Native extension for WebGL target not found
Refreshing native plugins compatible for Editor in 0.23 ms, found 0 plugins.
Preloading 0 native plugins for Editor in 0.00 ms.
Invoked RoslynAnalysisRunner static constructor.
RoslynAnalysisRunner will not be running.
RoslynAnalysisRunner has terminated.
Mono: successfully reloaded assembly
- Completed reload, in  1.231 seconds
Platform modules already initialized, skipping
Refreshing native plugins compatible for Editor in 0.24 ms, found 0 plugins.
Preloading 0 native plugins for Editor in 0.00 ms.
Unloading 1152 Unused Serialized files (Serialized files now loaded: 0)
System memory in use before: 59.9 MB.
System memory in use after: 59.9 MB.

Unloading 5 unused Assets to reduce memory usage. Loaded Objects now: 1631.
Total: 2.002400 ms (FindLiveObjects: 0.212000 ms CreateObjectMapping: 0.053300 ms MarkObjects: 1.672700 ms  DeleteObjects: 0.062900 ms)

========================================================================
Received Import Request.
  Time since last request: 14.590201 seconds.
  path: Assets/Scripts/Knoppen/Geel.cs
  artifactKey: Guid(88c1bd170182e2b43be2a2fc138f9f9d) Importer(815301076,1909f56bfc062723c751e8b465ee728b)
Start importing Assets/Scripts/Knoppen/Geel.cs using Guid(88c1bd170182e2b43be2a2fc138f9f9d) Importer(815301076,1909f56bfc062723c751e8b465ee728b)  -> (artifact id: '54857a2f9f6e7c5b2c1f16d69e67324f') in 0.019927 seconds
  Import took 0.030114 seconds .

========================================================================
Received Import Request.
  Time since last request: 0.001330 seconds.
  path: Assets/Scripts/Knoppen/Geel.cs
  artifactKey: Guid(88c1bd170182e2b43be2a2fc138f9f9d) Importer(815301076,1909f56bfc062723c751e8b465ee728b)
Start importing Assets/Scripts/Knoppen/Geel.cs using Guid(88c1bd170182e2b43be2a2fc138f9f9d) Importer(815301076,1909f56bfc062723c751e8b465ee728b)  -> (artifact id: '54857a2f9f6e7c5b2c1f16d69e67324f') in 0.072480 seconds
  Import took 0.078763 seconds .

========================================================================
Received Import Request.
  Time since last request: 4.702182 seconds.
  path: Assets/Scripts/Knoppen/Oranje.cs
  artifactKey: Guid(88c1bd170182e2b43be2a2fc138f9f9d) Importer(815301076,1909f56bfc062723c751e8b465ee728b)
Start importing Assets/Scripts/Knoppen/Oranje.cs using Guid(88c1bd170182e2b43be2a2fc138f9f9d) Importer(815301076,1909f56bfc062723c751e8b465ee728b)  -> (artifact id: 'c299e9a2054306f4c41df85635a50413') in 0.023020 seconds
  Import took 0.035422 seconds .

========================================================================
Received Prepare
Registering precompiled user dll's ...
Registered in 0.001006 seconds.
Begin MonoManager ReloadAssembly
Native extension for WindowsStandalone target not found
Native extension for WebGL target not found
Refreshing native plugins compatible for Editor in 0.24 ms, found 0 plugins.
Preloading 0 native plugins for Editor in 0.00 ms.
Invoked RoslynAnalysisRunner static constructor.
RoslynAnalysisRunner will not be running.
RoslynAnalysisRunner has terminated.
Mono: successfully reloaded assembly
- Completed reload, in  1.196 seconds
Platform modules already initialized, skipping
Refreshing native plugins compatible for Editor in 0.36 ms, found 0 plugins.
Preloading 0 native plugins for Editor in 0.00 ms.
Unloading 1152 Unused Serialized files (Serialized files now loaded: 0)
System memory in use before: 59.9 MB.
System memory in use after: 59.9 MB.

Unloading 5 unused Assets to reduce memory usage. Loaded Objects now: 1634.
Total: 1.727700 ms (FindLiveObjects: 0.162800 ms CreateObjectMapping: 0.038700 ms MarkObjects: 1.468700 ms  DeleteObjects: 0.056100 ms)

========================================================================
Received Import Request.
  Time since last request: 9.441485 seconds.
  path: Assets/Scripts/Knoppen/Geel.cs
  artifactKey: Guid(1fe58dfa28bb5794ea9a593ff99ad4a7) Importer(815301076,1909f56bfc062723c751e8b465ee728b)
Start importing Assets/Scripts/Knoppen/Geel.cs using Guid(1fe58dfa28bb5794ea9a593ff99ad4a7) Importer(815301076,1909f56bfc062723c751e8b465ee728b)  -> (artifact id: '8cb1372361d12de471fa2df6e3e32e5a') in 0.011507 seconds
  Import took 0.016946 seconds .

========================================================================
Received Prepare
Registering precompiled user dll's ...
Registered in 0.001019 seconds.
Begin MonoManager ReloadAssembly
Native extension for WindowsStandalone target not found
Native extension for WebGL target not found
Refreshing native plugins compatible for Editor in 0.24 ms, found 0 plugins.
Preloading 0 native plugins for Editor in 0.00 ms.
Invoked RoslynAnalysisRunner static constructor.
RoslynAnalysisRunner will not be running.
RoslynAnalysisRunner has terminated.
Mono: successfully reloaded assembly
- Completed reload, in  1.233 seconds
Platform modules already initialized, skipping
Refreshing native plugins compatible for Editor in 0.23 ms, found 0 plugins.
Preloading 0 native plugins for Editor in 0.00 ms.
Unloading 1152 Unused Serialized files (Serialized files now loaded: 0)
System memory in use before: 59.9 MB.
System memory in use after: 59.9 MB.

Unloading 5 unused Assets to reduce memory usage. Loaded Objects now: 1637.
Total: 1.854000 ms (FindLiveObjects: 0.216000 ms CreateObjectMapping: 0.067200 ms MarkObjects: 1.509100 ms  DeleteObjects: 0.060600 ms)

========================================================================
Received Import Request.
  Time since last request: 4.389535 seconds.
  path: Assets/Scripts/Knoppen/Geel2.cs
  artifactKey: Guid(f424021a05eebb943a304b59d0640848) Importer(815301076,1909f56bfc062723c751e8b465ee728b)
Start importing Assets/Scripts/Knoppen/Geel2.cs using Guid(f424021a05eebb943a304b59d0640848) Importer(815301076,1909f56bfc062723c751e8b465ee728b)  -> (artifact id: 'ddac9349de90ddf89602ca432ab6ad65') in 0.005259 seconds
  Import took 0.007094 seconds .

========================================================================
Received Import Request.
  Time since last request: 4.855304 seconds.
  path: Assets/Scripts/Knoppen/Bruin.cs
  artifactKey: Guid(f424021a05eebb943a304b59d0640848) Importer(815301076,1909f56bfc062723c751e8b465ee728b)
Start importing Assets/Scripts/Knoppen/Bruin.cs using Guid(f424021a05eebb943a304b59d0640848) Importer(815301076,1909f56bfc062723c751e8b465ee728b)  -> (artifact id: '31327c0d430bb39d704c1514c8da264b') in 0.020550 seconds
  Import took 0.030501 seconds .

========================================================================
Received Prepare
Registering precompiled user dll's ...
Registered in 0.000667 seconds.
Begin MonoManager ReloadAssembly
Native extension for WindowsStandalone target not found
Native extension for WebGL target not found
Refreshing native plugins compatible for Editor in 0.24 ms, found 0 plugins.
Preloading 0 native plugins for Editor in 0.00 ms.
Invoked RoslynAnalysisRunner static constructor.
RoslynAnalysisRunner will not be running.
RoslynAnalysisRunner has terminated.
Mono: successfully reloaded assembly
- Completed reload, in  1.142 seconds
Platform modules already initialized, skipping
Refreshing native plugins compatible for Editor in 0.40 ms, found 0 plugins.
Preloading 0 native plugins for Editor in 0.00 ms.
Unloading 1152 Unused Serialized files (Serialized files now loaded: 0)
System memory in use before: 59.9 MB.
System memory in use after: 59.9 MB.

Unloading 5 unused Assets to reduce memory usage. Loaded Objects now: 1640.
Total: 2.140700 ms (FindLiveObjects: 0.171300 ms CreateObjectMapping: 0.044300 ms MarkObjects: 1.869700 ms  DeleteObjects: 0.054300 ms)

========================================================================
Received Prepare
Registering precompiled user dll's ...
Registered in 0.000911 seconds.
Begin MonoManager ReloadAssembly
Native extension for WindowsStandalone target not found
Native extension for WebGL target not found
Refreshing native plugins compatible for Editor in 0.28 ms, found 0 plugins.
Preloading 0 native plugins for Editor in 0.00 ms.
Invoked RoslynAnalysisRunner static constructor.
RoslynAnalysisRunner will not be running.
RoslynAnalysisRunner has terminated.
Mono: successfully reloaded assembly
- Completed reload, in  0.915 seconds
Platform modules already initialized, skipping
Refreshing native plugins compatible for Editor in 0.23 ms, found 0 plugins.
Preloading 0 native plugins for Editor in 0.00 ms.
Unloading 1152 Unused Serialized files (Serialized files now loaded: 0)
System memory in use before: 59.9 MB.
System memory in use after: 60.0 MB.

Unloading 5 unused Assets to reduce memory usage. Loaded Objects now: 1643.
Total: 2.829500 ms (FindLiveObjects: 0.215000 ms CreateObjectMapping: 0.070400 ms MarkObjects: 2.476500 ms  DeleteObjects: 0.065500 ms)

========================================================================
Received Import Request.
  Time since last request: 108.633458 seconds.
  path: Assets/Scripts/Knoppen/Oranje.cs
  artifactKey: Guid(88c1bd170182e2b43be2a2fc138f9f9d) Importer(815301076,1909f56bfc062723c751e8b465ee728b)
Start importing Assets/Scripts/Knoppen/Oranje.cs using Guid(88c1bd170182e2b43be2a2fc138f9f9d) Importer(815301076,1909f56bfc062723c751e8b465ee728b)  -> (artifact id: '2585002b0eac4da06f0a500d027bfff1') in 0.005018 seconds
  Import took 0.006936 seconds .

========================================================================
Received Prepare
Registering precompiled user dll's ...
Registered in 0.000989 seconds.
Begin MonoManager ReloadAssembly
Native extension for WindowsStandalone target not found
Native extension for WebGL target not found
Refreshing native plugins compatible for Editor in 0.23 ms, found 0 plugins.
Preloading 0 native plugins for Editor in 0.00 ms.
Invoked RoslynAnalysisRunner static constructor.
RoslynAnalysisRunner will not be running.
RoslynAnalysisRunner has terminated.
Mono: successfully reloaded assembly
- Completed reload, in  0.727 seconds
Platform modules already initialized, skipping
Refreshing native plugins compatible for Editor in 0.24 ms, found 0 plugins.
Preloading 0 native plugins for Editor in 0.00 ms.
Unloading 1152 Unused Serialized files (Serialized files now loaded: 0)
System memory in use before: 59.9 MB.
System memory in use after: 60.0 MB.

Unloading 5 unused Assets to reduce memory usage. Loaded Objects now: 1646.
Total: 1.711400 ms (FindLiveObjects: 0.139000 ms CreateObjectMapping: 0.038400 ms MarkObjects: 1.465300 ms  DeleteObjects: 0.067100 ms)

========================================================================
Received Import Request.
  Time since last request: 188.213564 seconds.
  path: Assets/Scripts/Knoppen/Bruin.cs
  artifactKey: Guid(f424021a05eebb943a304b59d0640848) Importer(815301076,1909f56bfc062723c751e8b465ee728b)
Start importing Assets/Scripts/Knoppen/Bruin.cs using Guid(f424021a05eebb943a304b59d0640848) Importer(815301076,1909f56bfc062723c751e8b465ee728b)  -> (artifact id: 'd0d9eccfd7dfd810c9bd565c14436327') in 0.005681 seconds
  Import took 0.008167 seconds .

========================================================================
Received Import Request.
  Time since last request: 0.000435 seconds.
  path: Assets/Scripts/Knoppen/Bruin.cs
  artifactKey: Guid(f424021a05eebb943a304b59d0640848) Importer(815301076,1909f56bfc062723c751e8b465ee728b)
Start importing Assets/Scripts/Knoppen/Bruin.cs using Guid(f424021a05eebb943a304b59d0640848) Importer(815301076,1909f56bfc062723c751e8b465ee728b)  -> (artifact id: 'd0d9eccfd7dfd810c9bd565c14436327') in 0.002883 seconds
  Import took 0.005952 seconds .

========================================================================
Received Prepare
Registering precompiled user dll's ...
Registered in 0.001218 seconds.
Begin MonoManager ReloadAssembly
Native extension for WindowsStandalone target not found
Native extension for WebGL target not found
Refreshing native plugins compatible for Editor in 0.33 ms, found 0 plugins.
Preloading 0 native plugins for Editor in 0.00 ms.
Invoked RoslynAnalysisRunner static constructor.
RoslynAnalysisRunner will not be running.
RoslynAnalysisRunner has terminated.
Mono: successfully reloaded assembly
- Completed reload, in  4.395 seconds
Platform modules already initialized, skipping
Refreshing native plugins compatible for Editor in 0.35 ms, found 0 plugins.
Preloading 0 native plugins for Editor in 0.00 ms.
Unloading 1150 Unused Serialized files (Serialized files now loaded: 0)
System memory in use before: 59.8 MB.
System memory in use after: 59.9 MB.

Unloading 6 unused Assets to reduce memory usage. Loaded Objects now: 1647.
Total: 3.420500 ms (FindLiveObjects: 0.301800 ms CreateObjectMapping: 0.068400 ms MarkObjects: 2.964500 ms  DeleteObjects: 0.084000 ms)

========================================================================
Received Prepare
Registering precompiled user dll's ...
Registered in 0.001040 seconds.
Begin MonoManager ReloadAssembly
Native extension for WindowsStandalone target not found
Native extension for WebGL target not found
Refreshing native plugins compatible for Editor in 0.24 ms, found 0 plugins.
Preloading 0 native plugins for Editor in 0.00 ms.
Invoked RoslynAnalysisRunner static constructor.
RoslynAnalysisRunner will not be running.
RoslynAnalysisRunner has terminated.
Mono: successfully reloaded assembly
- Completed reload, in  1.029 seconds
Platform modules already initialized, skipping
Refreshing native plugins compatible for Editor in 0.22 ms, found 0 plugins.
Preloading 0 native plugins for Editor in 0.00 ms.
Unloading 1150 Unused Serialized files (Serialized files now loaded: 0)
System memory in use before: 59.9 MB.
System memory in use after: 59.9 MB.

Unloading 5 unused Assets to reduce memory usage. Loaded Objects now: 1650.
Total: 1.677700 ms (FindLiveObjects: 0.249400 ms CreateObjectMapping: 0.035200 ms MarkObjects: 1.339400 ms  DeleteObjects: 0.052700 ms)

========================================================================
Received Import Request.
  Time since last request: 48.433052 seconds.
  path: Assets/Scripts/GameManager/GameManager.cs
  artifactKey: Guid(cd0396aa887352a4aa682bb9d0d72189) Importer(815301076,1909f56bfc062723c751e8b465ee728b)
Start importing Assets/Scripts/GameManager/GameManager.cs using Guid(cd0396aa887352a4aa682bb9d0d72189) Importer(815301076,1909f56bfc062723c751e8b465ee728b)  -> (artifact id: 'b739bf138ca4f589fd15428ee8ee3480') in 0.019934 seconds
  Import took 0.027252 seconds .

========================================================================
Received Import Request.
  Time since last request: 0.130170 seconds.
  path: Assets/Scripts/GameManager/GameManager.cs
  artifactKey: Guid(cd0396aa887352a4aa682bb9d0d72189) Importer(815301076,1909f56bfc062723c751e8b465ee728b)
Start importing Assets/Scripts/GameManager/GameManager.cs using Guid(cd0396aa887352a4aa682bb9d0d72189) Importer(815301076,1909f56bfc062723c751e8b465ee728b)  -> (artifact id: 'b739bf138ca4f589fd15428ee8ee3480') in 0.008493 seconds
  Import took 0.011881 seconds .

========================================================================
Received Import Request.
  Time since last request: 2.543922 seconds.
  path: Assets/Scripts/Game1/LinkerKnop1.cs
  artifactKey: Guid(5d22e4b3c83b0c142a2e2bc0bd74ad27) Importer(815301076,1909f56bfc062723c751e8b465ee728b)
Start importing Assets/Scripts/Game1/LinkerKnop1.cs using Guid(5d22e4b3c83b0c142a2e2bc0bd74ad27) Importer(815301076,1909f56bfc062723c751e8b465ee728b)  -> (artifact id: 'b39449deb4410a373f3f6f10c6d29bef') in 0.025946 seconds
  Import took 0.029196 seconds .

========================================================================
Received Prepare
Registering precompiled user dll's ...
Registered in 0.002935 seconds.
Begin MonoManager ReloadAssembly
Native extension for WindowsStandalone target not found
Native extension for WebGL target not found
Refreshing native plugins compatible for Editor in 1.08 ms, found 0 plugins.
Preloading 0 native plugins for Editor in 0.00 ms.
Invoked RoslynAnalysisRunner static constructor.
RoslynAnalysisRunner will not be running.
RoslynAnalysisRunner has terminated.
Mono: successfully reloaded assembly
- Completed reload, in  1.541 seconds
Platform modules already initialized, skipping
Refreshing native plugins compatible for Editor in 0.68 ms, found 0 plugins.
Preloading 0 native plugins for Editor in 0.00 ms.
Unloading 1150 Unused Serialized files (Serialized files now loaded: 0)
System memory in use before: 59.9 MB.
System memory in use after: 59.9 MB.

Unloading 5 unused Assets to reduce memory usage. Loaded Objects now: 1653.
Total: 4.143500 ms (FindLiveObjects: 1.147000 ms CreateObjectMapping: 0.120400 ms MarkObjects: 2.810600 ms  DeleteObjects: 0.063000 ms)

========================================================================
Received Import Request.
  Time since last request: 59.375482 seconds.
  path: Assets/Scripts/Game1/LinkerKnop1.cs
  artifactKey: Guid(5d22e4b3c83b0c142a2e2bc0bd74ad27) Importer(815301076,1909f56bfc062723c751e8b465ee728b)
Start importing Assets/Scripts/Game1/LinkerKnop1.cs using Guid(5d22e4b3c83b0c142a2e2bc0bd74ad27) Importer(815301076,1909f56bfc062723c751e8b465ee728b)  -> (artifact id: '3098d427de42b31d52a0ed1d9a271373') in 0.085016 seconds
  Import took 0.103981 seconds .

AssetImportWorkerClient::OnTransportError - code=2 error=End of file
