Using pre-set license
Built from '2020.3/staging' branch; Version is '2020.3.0f1 (c7b5465681fb) revision 13088070'; Using compiler version '192528614'; Build Type 'Release'
OS: 'Windows 10 Education; OS build 18363.1440; Version 1909; 64bit' Language: 'en' Physical Memory: 16348 MB
BatchMode: 1, IsHumanControllingUs: 0, StartBugReporterOnCrash: 0, Is64bit: 1, IsPro: 0

 COMMAND LINE ARGUMENTS:
C:\Program Files\Unity\Hub\Editor\2020.3.0f1\Editor\Unity.exe
-adb2
-batchMode
-noUpm
-name
AssetImportWorker0
-projectPath
D:/Pictures on hdd/HKU/Project Context I/Prototype radio/Radio-minigame/RadioMinigame Prototype 0.1
-logFile
Logs/AssetImportWorker0.log
-srvPort
51087
Successfully changed project path to: D:/Pictures on hdd/HKU/Project Context I/Prototype radio/Radio-minigame/RadioMinigame Prototype 0.1
D:/Pictures on hdd/HKU/Project Context I/Prototype radio/Radio-minigame/RadioMinigame Prototype 0.1
Using Asset Import Pipeline V2.
Refreshing native plugins compatible for Editor in 22.34 ms, found 0 plugins.
Preloading 0 native plugins for Editor in 0.00 ms.
Initialize engine version: 2020.3.0f1 (c7b5465681fb)
[Subsystems] Discovering subsystems at path C:/Program Files/Unity/Hub/Editor/2020.3.0f1/Editor/Data/Resources/UnitySubsystems
[Subsystems] Discovering subsystems at path D:/Pictures on hdd/HKU/Project Context I/Prototype radio/Radio-minigame/RadioMinigame Prototype 0.1/Assets
GfxDevice: creating device client; threaded=0
Direct3D:
    Version:  Direct3D 11.0 [level 11.1]
    Renderer: NVIDIA GeForce GTX 1050 Ti (ID=0x1c82)
    Vendor:   
    VRAM:     4018 MB
    Driver:   27.21.14.6140
Initialize mono
Mono path[0] = 'C:/Program Files/Unity/Hub/Editor/2020.3.0f1/Editor/Data/Managed'
Mono path[1] = 'C:/Program Files/Unity/Hub/Editor/2020.3.0f1/Editor/Data/MonoBleedingEdge/lib/mono/unityjit'
Mono config path = 'C:/Program Files/Unity/Hub/Editor/2020.3.0f1/Editor/Data/MonoBleedingEdge/etc'
Using monoOptions --debugger-agent=transport=dt_socket,embedding=1,server=y,suspend=n,address=127.0.0.1:56104
Begin MonoManager ReloadAssembly
Registering precompiled unity dll's ...
Register platform support module: C:/Program Files/Unity/Hub/Editor/2020.3.0f1/Editor/Data/PlaybackEngines/WebGLSupport/UnityEditor.WebGL.Extensions.dll
Register platform support module: C:/Program Files/Unity/Hub/Editor/2020.3.0f1/Editor/Data/PlaybackEngines/WindowsStandaloneSupport/UnityEditor.WindowsStandalone.Extensions.dll
Registered in 0.002264 seconds.
Native extension for WindowsStandalone target not found
Native extension for WebGL target not found
Refreshing native plugins compatible for Editor in 26.20 ms, found 0 plugins.
Preloading 0 native plugins for Editor in 0.00 ms.
Invoked RoslynAnalysisRunner static constructor.
RoslynAnalysisRunner will not be running.
RoslynAnalysisRunner has terminated.
Mono: successfully reloaded assembly
- Completed reload, in  1.472 seconds
Platform modules already initialized, skipping
Registering precompiled user dll's ...
Registered in 0.000610 seconds.
Begin MonoManager ReloadAssembly
Native extension for WindowsStandalone target not found
Native extension for WebGL target not found
Refreshing native plugins compatible for Editor in 0.22 ms, found 0 plugins.
Preloading 0 native plugins for Editor in 0.00 ms.
Invoked RoslynAnalysisRunner static constructor.
RoslynAnalysisRunner will not be running.
RoslynAnalysisRunner has terminated.
Mono: successfully reloaded assembly
- Completed reload, in  1.435 seconds
Platform modules already initialized, skipping
========================================================================
Worker process is ready to serve import requests
Launched and connected shader compiler UnityShaderCompiler.exe after 0.05 seconds
Refreshing native plugins compatible for Editor in 0.18 ms, found 0 plugins.
Preloading 0 native plugins for Editor in 0.00 ms.
Unloading 1113 Unused Serialized files (Serialized files now loaded: 0)
System memory in use before: 57.3 MB.
System memory in use after: 57.3 MB.

Unloading 10 unused Assets to reduce memory usage. Loaded Objects now: 1555.
Total: 1.711200 ms (FindLiveObjects: 0.145300 ms CreateObjectMapping: 0.042900 ms MarkObjects: 1.441000 ms  DeleteObjects: 0.080800 ms)

========================================================================
Received Import Request.
  path: Assets/Scenes
  artifactKey: Guid(0fb67d05c0cb88c42b912b71755cd2cd) Importer(815301076,1909f56bfc062723c751e8b465ee728b)
Start importing Assets/Scenes using Guid(0fb67d05c0cb88c42b912b71755cd2cd) Importer(815301076,1909f56bfc062723c751e8b465ee728b)  -> (artifact id: '870f8ef7cb9bf061af8642df7bf03229') in 0.029760 seconds
  Import took 0.032340 seconds .

========================================================================
Received Import Request.
  Time since last request: 33.266479 seconds.
  path: Assets/GhostMachine.unitypackage
  artifactKey: Guid(ed5f084c4368999408ee3af8750cd28d) Importer(815301076,1909f56bfc062723c751e8b465ee728b)
Start importing Assets/GhostMachine.unitypackage using Guid(ed5f084c4368999408ee3af8750cd28d) Importer(815301076,1909f56bfc062723c751e8b465ee728b)  -> (artifact id: '2e1e0be51832f1e6b0ac88890486d678') in 0.040799 seconds
  Import took 0.044100 seconds .

========================================================================
Received Import Request.
  Time since last request: 14.844159 seconds.
  path: Assets/_andradio.fbx
  artifactKey: Guid(4932237a70a4003479e5c7a026a9e987) Importer(815301076,1909f56bfc062723c751e8b465ee728b)
Start importing Assets/_andradio.fbx using Guid(4932237a70a4003479e5c7a026a9e987) Importer(815301076,1909f56bfc062723c751e8b465ee728b)  -> (artifact id: 'fa0faa7d034a8bac13939324304a3f85') in 2.307039 seconds
  Import took 2.313298 seconds .

========================================================================
Received Import Request.
  Time since last request: 0.000203 seconds.
  path: Assets/Texture base 1.mat
  artifactKey: Guid(a34f269cba081b048bba1cc9506ffdcb) Importer(815301076,1909f56bfc062723c751e8b465ee728b)
Start importing Assets/Texture base 1.mat using Guid(a34f269cba081b048bba1cc9506ffdcb) Importer(815301076,1909f56bfc062723c751e8b465ee728b)  -> (artifact id: 'ced1608722fa440d975b7d99edd6ad9c') in 0.352809 seconds
  Import took 0.355833 seconds .

========================================================================
Received Import Request.
  Time since last request: 0.000192 seconds.
  path: Assets/Texture buttons_Transparency 1.mat
  artifactKey: Guid(52918fce34a97c04f83b942c3dd94945) Importer(815301076,1909f56bfc062723c751e8b465ee728b)
Start importing Assets/Texture buttons_Transparency 1.mat using Guid(52918fce34a97c04f83b942c3dd94945) Importer(815301076,1909f56bfc062723c751e8b465ee728b)  -> (artifact id: '2aa2eda591c43220617b74e68575e957') in 0.178047 seconds
  Import took 0.180695 seconds .

========================================================================
Received Import Request.
  Time since last request: 0.000171 seconds.
  path: Assets/Texture buttons 1.mat
  artifactKey: Guid(0fedfd7ca46dc4c4d98b3c7a2aff6d1d) Importer(815301076,1909f56bfc062723c751e8b465ee728b)
Start importing Assets/Texture buttons 1.mat using Guid(0fedfd7ca46dc4c4d98b3c7a2aff6d1d) Importer(815301076,1909f56bfc062723c751e8b465ee728b)  -> (artifact id: 'ce9b575a1b335a462dc7c9c4894dd25c') in 0.049697 seconds
  Import took 0.052427 seconds .

========================================================================
Received Import Request.
  Time since last request: 0.000252 seconds.
  path: Assets/Thermometer.mat
  artifactKey: Guid(7c9e043aa8326e144917735d410fbab7) Importer(815301076,1909f56bfc062723c751e8b465ee728b)
Start importing Assets/Thermometer.mat using Guid(7c9e043aa8326e144917735d410fbab7) Importer(815301076,1909f56bfc062723c751e8b465ee728b)  -> (artifact id: '4f6ef02c4d8a45393759f3ebeefacf8c') in 0.021702 seconds
  Import took 0.023723 seconds .

========================================================================
Received Import Request.
  Time since last request: 0.000183 seconds.
  path: Assets/thermostukken.fbx
  artifactKey: Guid(e56600746f1a6b54b85cd0b9a5e3ed6b) Importer(815301076,1909f56bfc062723c751e8b465ee728b)
Start importing Assets/thermostukken.fbx using Guid(e56600746f1a6b54b85cd0b9a5e3ed6b) Importer(815301076,1909f56bfc062723c751e8b465ee728b)  -> (artifact id: 'e2e6eeb04ad30d71a28ada85a12d4538') in 0.037326 seconds
  Import took 0.039538 seconds .

========================================================================
Received Import Request.
  Time since last request: 0.000171 seconds.
  path: Assets/Thermometer.mat
  artifactKey: Guid(7c9e043aa8326e144917735d410fbab7) Importer(815301076,1909f56bfc062723c751e8b465ee728b)
Start importing Assets/Thermometer.mat using Guid(7c9e043aa8326e144917735d410fbab7) Importer(815301076,1909f56bfc062723c751e8b465ee728b)  -> (artifact id: '4f6ef02c4d8a45393759f3ebeefacf8c') in 0.015595 seconds
  Import took 0.018748 seconds .

========================================================================
Received Import Request.
  Time since last request: 49.751951 seconds.
  path: Assets
  artifactKey: Guid(00000000000000001000000000000000) Importer(815301076,1909f56bfc062723c751e8b465ee728b)
Start importing Assets using Guid(00000000000000001000000000000000) Importer(815301076,1909f56bfc062723c751e8b465ee728b)  -> (artifact id: '42baae205c97e3337697759514652acd') in 0.007838 seconds
  Import took 0.010336 seconds .

========================================================================
Received Import Request.
  Time since last request: 4.436159 seconds.
  path: Assets/Art
  artifactKey: Guid(abe0db7b8a12ec643b23b6adb0a37b56) Importer(815301076,1909f56bfc062723c751e8b465ee728b)
Start importing Assets/Art using Guid(abe0db7b8a12ec643b23b6adb0a37b56) Importer(815301076,1909f56bfc062723c751e8b465ee728b)  -> (artifact id: '9bc4db39d7acb4dc9c5a58f8c8a08029') in 0.012986 seconds
  Import took 0.020699 seconds .

========================================================================
Received Import Request.
  Time since last request: 5.195898 seconds.
  path: Assets/texture1
  artifactKey: Guid(e9cfb086f8ba0a8488a9fe9738ada84f) Importer(815301076,1909f56bfc062723c751e8b465ee728b)
Start importing Assets/texture1 using Guid(e9cfb086f8ba0a8488a9fe9738ada84f) Importer(815301076,1909f56bfc062723c751e8b465ee728b)  -> (artifact id: 'a07fc235182b1349eabd1839a3f68bb9') in 0.009713 seconds
  Import took 0.012217 seconds .

========================================================================
Received Prepare
Registering precompiled user dll's ...
Registered in 0.000866 seconds.
Begin MonoManager ReloadAssembly
Native extension for WindowsStandalone target not found
Native extension for WebGL target not found
Refreshing native plugins compatible for Editor in 0.24 ms, found 0 plugins.
Preloading 0 native plugins for Editor in 0.00 ms.
Invoked RoslynAnalysisRunner static constructor.
RoslynAnalysisRunner will not be running.
RoslynAnalysisRunner has terminated.
Mono: successfully reloaded assembly
- Completed reload, in  1.009 seconds
Platform modules already initialized, skipping
Refreshing native plugins compatible for Editor in 0.21 ms, found 0 plugins.
Preloading 0 native plugins for Editor in 0.00 ms.
Unloading 1155 Unused Serialized files (Serialized files now loaded: 0)
System memory in use before: 64.1 MB.
System memory in use after: 63.6 MB.

Unloading 18 unused Assets to reduce memory usage. Loaded Objects now: 1636.
Total: 2.126900 ms (FindLiveObjects: 0.174000 ms CreateObjectMapping: 0.059900 ms MarkObjects: 1.376700 ms  DeleteObjects: 0.514200 ms)

========================================================================
Received Prepare
Registering precompiled user dll's ...
Registered in 0.000645 seconds.
Begin MonoManager ReloadAssembly
Native extension for WindowsStandalone target not found
Native extension for WebGL target not found
Refreshing native plugins compatible for Editor in 0.24 ms, found 0 plugins.
Preloading 0 native plugins for Editor in 0.00 ms.
Invoked RoslynAnalysisRunner static constructor.
RoslynAnalysisRunner will not be running.
RoslynAnalysisRunner has terminated.
Mono: successfully reloaded assembly
- Completed reload, in  1.003 seconds
Platform modules already initialized, skipping
Refreshing native plugins compatible for Editor in 0.35 ms, found 0 plugins.
Preloading 0 native plugins for Editor in 0.00 ms.
Unloading 1156 Unused Serialized files (Serialized files now loaded: 0)
System memory in use before: 64.2 MB.
System memory in use after: 63.7 MB.

Unloading 18 unused Assets to reduce memory usage. Loaded Objects now: 1640.
Total: 2.696800 ms (FindLiveObjects: 0.228700 ms CreateObjectMapping: 0.072200 ms MarkObjects: 1.987200 ms  DeleteObjects: 0.406400 ms)

========================================================================
Received Import Request.
  Time since last request: 1447.815759 seconds.
  path: Assets/NewBehaviourScript.cs
  artifactKey: Guid(c113acbb612d92249a273a94a6679d8d) Importer(815301076,1909f56bfc062723c751e8b465ee728b)
Start importing Assets/NewBehaviourScript.cs using Guid(c113acbb612d92249a273a94a6679d8d) Importer(815301076,1909f56bfc062723c751e8b465ee728b)  -> (artifact id: '81da8479ee6e3c42fcbd74f484a40cef') in 0.015357 seconds
  Import took 0.017980 seconds .

========================================================================
Received Prepare
Registering precompiled user dll's ...
Registered in 0.000653 seconds.
Begin MonoManager ReloadAssembly
Native extension for WindowsStandalone target not found
Native extension for WebGL target not found
Refreshing native plugins compatible for Editor in 0.22 ms, found 0 plugins.
Preloading 0 native plugins for Editor in 0.00 ms.
Invoked RoslynAnalysisRunner static constructor.
RoslynAnalysisRunner will not be running.
RoslynAnalysisRunner has terminated.
Mono: successfully reloaded assembly
- Completed reload, in  0.865 seconds
Platform modules already initialized, skipping
Refreshing native plugins compatible for Editor in 0.22 ms, found 0 plugins.
Preloading 0 native plugins for Editor in 0.00 ms.
Unloading 1156 Unused Serialized files (Serialized files now loaded: 0)
System memory in use before: 64.2 MB.
System memory in use after: 63.7 MB.

Unloading 18 unused Assets to reduce memory usage. Loaded Objects now: 1643.
Total: 2.160000 ms (FindLiveObjects: 0.150800 ms CreateObjectMapping: 0.040700 ms MarkObjects: 1.644000 ms  DeleteObjects: 0.322500 ms)

========================================================================
Received Prepare
Registering precompiled user dll's ...
Registered in 0.000720 seconds.
Begin MonoManager ReloadAssembly
Native extension for WindowsStandalone target not found
Native extension for WebGL target not found
Refreshing native plugins compatible for Editor in 0.61 ms, found 0 plugins.
Preloading 0 native plugins for Editor in 0.00 ms.
Invoked RoslynAnalysisRunner static constructor.
RoslynAnalysisRunner will not be running.
RoslynAnalysisRunner has terminated.
Mono: successfully reloaded assembly
- Completed reload, in  1.073 seconds
Platform modules already initialized, skipping
Refreshing native plugins compatible for Editor in 0.22 ms, found 0 plugins.
Preloading 0 native plugins for Editor in 0.00 ms.
Unloading 1155 Unused Serialized files (Serialized files now loaded: 0)
System memory in use before: 64.2 MB.
System memory in use after: 63.7 MB.

Unloading 19 unused Assets to reduce memory usage. Loaded Objects now: 1645.
Total: 1.848400 ms (FindLiveObjects: 0.154000 ms CreateObjectMapping: 0.042100 ms MarkObjects: 1.336400 ms  DeleteObjects: 0.314400 ms)

========================================================================
Received Import Request.
  Time since last request: 26.053822 seconds.
  path: Assets/Scripts
  artifactKey: Guid(76f38213eba08b649baf3e950318059f) Importer(815301076,1909f56bfc062723c751e8b465ee728b)
Start importing Assets/Scripts using Guid(76f38213eba08b649baf3e950318059f) Importer(815301076,1909f56bfc062723c751e8b465ee728b)  -> (artifact id: 'bea5a5c3b09aaa312f8864ffc0d91a52') in 0.013996 seconds
  Import took 0.016472 seconds .

========================================================================
Received Import Request.
  Time since last request: 7.879540 seconds.
  path: Assets/Scripts/ClicketyClick.cs
  artifactKey: Guid(08fda6be7e33e7b47850d5f74584f899) Importer(815301076,1909f56bfc062723c751e8b465ee728b)
Start importing Assets/Scripts/ClicketyClick.cs using Guid(08fda6be7e33e7b47850d5f74584f899) Importer(815301076,1909f56bfc062723c751e8b465ee728b)  -> (artifact id: '7be472588e6e576ad1689ff1985a2b36') in 0.015011 seconds
  Import took 0.018838 seconds .

========================================================================
Received Import Request.
  Time since last request: 0.005897 seconds.
  path: Assets/Scripts/ClicketyClick.cs
  artifactKey: Guid(08fda6be7e33e7b47850d5f74584f899) Importer(815301076,1909f56bfc062723c751e8b465ee728b)
Start importing Assets/Scripts/ClicketyClick.cs using Guid(08fda6be7e33e7b47850d5f74584f899) Importer(815301076,1909f56bfc062723c751e8b465ee728b)  -> (artifact id: '7be472588e6e576ad1689ff1985a2b36') in 0.005995 seconds
  Import took 0.009244 seconds .

========================================================================
Received Prepare
Registering precompiled user dll's ...
Registered in 0.000708 seconds.
Begin MonoManager ReloadAssembly
Native extension for WindowsStandalone target not found
Native extension for WebGL target not found
Refreshing native plugins compatible for Editor in 0.22 ms, found 0 plugins.
Preloading 0 native plugins for Editor in 0.00 ms.
Invoked RoslynAnalysisRunner static constructor.
RoslynAnalysisRunner will not be running.
RoslynAnalysisRunner has terminated.
Mono: successfully reloaded assembly
- Completed reload, in  0.888 seconds
Platform modules already initialized, skipping
Refreshing native plugins compatible for Editor in 0.21 ms, found 0 plugins.
Preloading 0 native plugins for Editor in 0.00 ms.
Unloading 1156 Unused Serialized files (Serialized files now loaded: 0)
System memory in use before: 64.2 MB.
System memory in use after: 63.7 MB.

Unloading 18 unused Assets to reduce memory usage. Loaded Objects now: 1649.
Total: 2.010100 ms (FindLiveObjects: 0.161200 ms CreateObjectMapping: 0.042300 ms MarkObjects: 1.497900 ms  DeleteObjects: 0.307600 ms)

========================================================================
Received Import Request.
  Time since last request: 53.844368 seconds.
  path: Assets/Scripts/FSM
  artifactKey: Guid(b4aa8078f432632479c469f36993443a) Importer(815301076,1909f56bfc062723c751e8b465ee728b)
Start importing Assets/Scripts/FSM using Guid(b4aa8078f432632479c469f36993443a) Importer(815301076,1909f56bfc062723c751e8b465ee728b)  -> (artifact id: '73a3724958a720d0f7efbf320a537f25') in 0.009434 seconds
  Import took 0.011741 seconds .

========================================================================
Received Import Request.
  Time since last request: 8.197838 seconds.
  path: Assets/Scripts/FSM/BaseState.cs
  artifactKey: Guid(4a456b0c59d556c4287730acd45b4cb9) Importer(815301076,1909f56bfc062723c751e8b465ee728b)
Start importing Assets/Scripts/FSM/BaseState.cs using Guid(4a456b0c59d556c4287730acd45b4cb9) Importer(815301076,1909f56bfc062723c751e8b465ee728b)  -> (artifact id: '5a96fd0a93fe627e363788986d6af133') in 0.008607 seconds
  Import took 0.010686 seconds .

========================================================================
Received Prepare
Registering precompiled user dll's ...
Registered in 0.000822 seconds.
Begin MonoManager ReloadAssembly
Native extension for WindowsStandalone target not found
Native extension for WebGL target not found
Refreshing native plugins compatible for Editor in 0.23 ms, found 0 plugins.
Preloading 0 native plugins for Editor in 0.00 ms.
Invoked RoslynAnalysisRunner static constructor.
RoslynAnalysisRunner will not be running.
RoslynAnalysisRunner has terminated.
Mono: successfully reloaded assembly
- Completed reload, in  0.851 seconds
Platform modules already initialized, skipping
Refreshing native plugins compatible for Editor in 0.22 ms, found 0 plugins.
Preloading 0 native plugins for Editor in 0.00 ms.
Unloading 1157 Unused Serialized files (Serialized files now loaded: 0)
System memory in use before: 64.3 MB.
System memory in use after: 63.7 MB.

Unloading 18 unused Assets to reduce memory usage. Loaded Objects now: 1653.
Total: 2.187000 ms (FindLiveObjects: 0.232600 ms CreateObjectMapping: 0.082800 ms MarkObjects: 1.546000 ms  DeleteObjects: 0.324200 ms)

========================================================================
Received Import Request.
  Time since last request: 7.035211 seconds.
  path: Assets/Scripts/FSM/FSM.cs
  artifactKey: Guid(7f9851665e76fce4e8ecf3043120dade) Importer(815301076,1909f56bfc062723c751e8b465ee728b)
Start importing Assets/Scripts/FSM/FSM.cs using Guid(7f9851665e76fce4e8ecf3043120dade) Importer(815301076,1909f56bfc062723c751e8b465ee728b)  -> (artifact id: '62717b64110a2195da5330cae7069c08') in 0.006384 seconds
  Import took 0.010194 seconds .

========================================================================
Received Import Request.
  Time since last request: 0.002416 seconds.
  path: Assets/Scripts/FSM/FSM.cs
  artifactKey: Guid(7f9851665e76fce4e8ecf3043120dade) Importer(815301076,1909f56bfc062723c751e8b465ee728b)
Start importing Assets/Scripts/FSM/FSM.cs using Guid(7f9851665e76fce4e8ecf3043120dade) Importer(815301076,1909f56bfc062723c751e8b465ee728b)  -> (artifact id: '62717b64110a2195da5330cae7069c08') in 0.004785 seconds
  Import took 0.008190 seconds .

========================================================================
Received Prepare
Registering precompiled user dll's ...
Registered in 0.000649 seconds.
Begin MonoManager ReloadAssembly
Native extension for WindowsStandalone target not found
Native extension for WebGL target not found
Refreshing native plugins compatible for Editor in 0.22 ms, found 0 plugins.
Preloading 0 native plugins for Editor in 0.00 ms.
Invoked RoslynAnalysisRunner static constructor.
RoslynAnalysisRunner will not be running.
RoslynAnalysisRunner has terminated.
Mono: successfully reloaded assembly
- Completed reload, in  0.871 seconds
Platform modules already initialized, skipping
Refreshing native plugins compatible for Editor in 0.27 ms, found 0 plugins.
Preloading 0 native plugins for Editor in 0.00 ms.
Unloading 1158 Unused Serialized files (Serialized files now loaded: 0)
System memory in use before: 64.3 MB.
System memory in use after: 63.8 MB.

Unloading 18 unused Assets to reduce memory usage. Loaded Objects now: 1657.
Total: 2.080900 ms (FindLiveObjects: 0.145600 ms CreateObjectMapping: 0.043000 ms MarkObjects: 1.507200 ms  DeleteObjects: 0.383900 ms)

========================================================================
Received Import Request.
  Time since last request: 14.585153 seconds.
  path: Assets/Scripts/GameManager.cs
  artifactKey: Guid(cd0396aa887352a4aa682bb9d0d72189) Importer(815301076,1909f56bfc062723c751e8b465ee728b)
Start importing Assets/Scripts/GameManager.cs using Guid(cd0396aa887352a4aa682bb9d0d72189) Importer(815301076,1909f56bfc062723c751e8b465ee728b)  -> (artifact id: '8206e40ce70b513adecde7846a9aca28') in 0.013668 seconds
  Import took 0.017392 seconds .

========================================================================
Received Import Request.
  Time since last request: 0.002268 seconds.
  path: Assets/Scripts/GameManager.cs
  artifactKey: Guid(cd0396aa887352a4aa682bb9d0d72189) Importer(815301076,1909f56bfc062723c751e8b465ee728b)
Start importing Assets/Scripts/GameManager.cs using Guid(cd0396aa887352a4aa682bb9d0d72189) Importer(815301076,1909f56bfc062723c751e8b465ee728b)  -> (artifact id: '8206e40ce70b513adecde7846a9aca28') in 0.005361 seconds
  Import took 0.008446 seconds .

========================================================================
Received Prepare
Registering precompiled user dll's ...
Registered in 0.000877 seconds.
Begin MonoManager ReloadAssembly
Native extension for WindowsStandalone target not found
Native extension for WebGL target not found
Refreshing native plugins compatible for Editor in 0.23 ms, found 0 plugins.
Preloading 0 native plugins for Editor in 0.00 ms.
Invoked RoslynAnalysisRunner static constructor.
RoslynAnalysisRunner will not be running.
RoslynAnalysisRunner has terminated.
Mono: successfully reloaded assembly
- Completed reload, in  0.837 seconds
Platform modules already initialized, skipping
Refreshing native plugins compatible for Editor in 0.36 ms, found 0 plugins.
Preloading 0 native plugins for Editor in 0.00 ms.
Unloading 1159 Unused Serialized files (Serialized files now loaded: 0)
System memory in use before: 64.3 MB.
System memory in use after: 63.8 MB.

Unloading 18 unused Assets to reduce memory usage. Loaded Objects now: 1661.
Total: 2.759600 ms (FindLiveObjects: 0.314400 ms CreateObjectMapping: 0.115800 ms MarkObjects: 1.814900 ms  DeleteObjects: 0.512800 ms)

========================================================================
Received Import Request.
  Time since last request: 19.830752 seconds.
  path: Assets/Scripts/Agent.cs
  artifactKey: Guid(32ceed8271570774aa69185116c2d4eb) Importer(815301076,1909f56bfc062723c751e8b465ee728b)
Start importing Assets/Scripts/Agent.cs using Guid(32ceed8271570774aa69185116c2d4eb) Importer(815301076,1909f56bfc062723c751e8b465ee728b)  -> (artifact id: 'f075c839b11f16e395dadd7559317586') in 0.010818 seconds
  Import took 0.022237 seconds .

========================================================================
Received Import Request.
  Time since last request: 0.005605 seconds.
  path: Assets/Scripts/Agent.cs
  artifactKey: Guid(32ceed8271570774aa69185116c2d4eb) Importer(815301076,1909f56bfc062723c751e8b465ee728b)
Start importing Assets/Scripts/Agent.cs using Guid(32ceed8271570774aa69185116c2d4eb) Importer(815301076,1909f56bfc062723c751e8b465ee728b)  -> (artifact id: 'f075c839b11f16e395dadd7559317586') in 0.004201 seconds
  Import took 0.007682 seconds .

========================================================================
Received Prepare
Registering precompiled user dll's ...
Registered in 0.000629 seconds.
Begin MonoManager ReloadAssembly
Native extension for WindowsStandalone target not found
Native extension for WebGL target not found
Refreshing native plugins compatible for Editor in 0.22 ms, found 0 plugins.
Preloading 0 native plugins for Editor in 0.00 ms.
Invoked RoslynAnalysisRunner static constructor.
RoslynAnalysisRunner will not be running.
RoslynAnalysisRunner has terminated.
Mono: successfully reloaded assembly
- Completed reload, in  0.861 seconds
Platform modules already initialized, skipping
Refreshing native plugins compatible for Editor in 0.22 ms, found 0 plugins.
Preloading 0 native plugins for Editor in 0.00 ms.
Unloading 1160 Unused Serialized files (Serialized files now loaded: 0)
System memory in use before: 64.4 MB.
System memory in use after: 63.8 MB.

Unloading 18 unused Assets to reduce memory usage. Loaded Objects now: 1665.
Total: 2.146700 ms (FindLiveObjects: 0.147900 ms CreateObjectMapping: 0.045400 ms MarkObjects: 1.596800 ms  DeleteObjects: 0.355600 ms)

========================================================================
Received Prepare
Registering precompiled user dll's ...
Registered in 0.001026 seconds.
Begin MonoManager ReloadAssembly
Native extension for WindowsStandalone target not found
Native extension for WebGL target not found
Refreshing native plugins compatible for Editor in 0.23 ms, found 0 plugins.
Preloading 0 native plugins for Editor in 0.00 ms.
Invoked RoslynAnalysisRunner static constructor.
RoslynAnalysisRunner will not be running.
RoslynAnalysisRunner has terminated.
Mono: successfully reloaded assembly
- Completed reload, in  1.314 seconds
Platform modules already initialized, skipping
Refreshing native plugins compatible for Editor in 0.23 ms, found 0 plugins.
Preloading 0 native plugins for Editor in 0.00 ms.
Unloading 1160 Unused Serialized files (Serialized files now loaded: 0)
System memory in use before: 64.4 MB.
System memory in use after: 63.8 MB.

Unloading 18 unused Assets to reduce memory usage. Loaded Objects now: 1668.
Total: 2.431400 ms (FindLiveObjects: 0.242300 ms CreateObjectMapping: 0.078500 ms MarkObjects: 1.778300 ms  DeleteObjects: 0.330000 ms)

========================================================================
Received Import Request.
  Time since last request: 164.388569 seconds.
  path: Assets/Scripts/FSM/BaseState.cs
  artifactKey: Guid(4a456b0c59d556c4287730acd45b4cb9) Importer(815301076,1909f56bfc062723c751e8b465ee728b)
Start importing Assets/Scripts/FSM/BaseState.cs using Guid(4a456b0c59d556c4287730acd45b4cb9) Importer(815301076,1909f56bfc062723c751e8b465ee728b)  -> (artifact id: '9afb06b656db80390832c00370200229') in 0.017919 seconds
  Import took 0.024798 seconds .

========================================================================
Received Prepare
Registering precompiled user dll's ...
Registered in 0.000983 seconds.
Begin MonoManager ReloadAssembly
Native extension for WindowsStandalone target not found
Native extension for WebGL target not found
Refreshing native plugins compatible for Editor in 0.25 ms, found 0 plugins.
Preloading 0 native plugins for Editor in 0.00 ms.
Invoked RoslynAnalysisRunner static constructor.
RoslynAnalysisRunner will not be running.
RoslynAnalysisRunner has terminated.
Mono: successfully reloaded assembly
- Completed reload, in  0.952 seconds
Platform modules already initialized, skipping
Refreshing native plugins compatible for Editor in 0.21 ms, found 0 plugins.
Preloading 0 native plugins for Editor in 0.00 ms.
Unloading 1160 Unused Serialized files (Serialized files now loaded: 0)
System memory in use before: 64.4 MB.
System memory in use after: 63.8 MB.

Unloading 18 unused Assets to reduce memory usage. Loaded Objects now: 1671.
Total: 2.078800 ms (FindLiveObjects: 0.136300 ms CreateObjectMapping: 0.042500 ms MarkObjects: 1.573700 ms  DeleteObjects: 0.325000 ms)

========================================================================
Received Import Request.
  Time since last request: 27.688334 seconds.
  path: Assets/Scripts/FSM/FSM.cs
  artifactKey: Guid(7f9851665e76fce4e8ecf3043120dade) Importer(815301076,1909f56bfc062723c751e8b465ee728b)
Start importing Assets/Scripts/FSM/FSM.cs using Guid(7f9851665e76fce4e8ecf3043120dade) Importer(815301076,1909f56bfc062723c751e8b465ee728b)  -> (artifact id: '2f5de0208d058ceba3307f1778895ce2') in 0.009298 seconds
  Import took 0.011599 seconds .

========================================================================
Received Import Request.
  Time since last request: 4.527570 seconds.
  path: Assets/Scripts/States
  artifactKey: Guid(fe16d4ef26f45c942bac59cecbf19b90) Importer(815301076,1909f56bfc062723c751e8b465ee728b)
Start importing Assets/Scripts/States using Guid(fe16d4ef26f45c942bac59cecbf19b90) Importer(815301076,1909f56bfc062723c751e8b465ee728b)  -> (artifact id: 'a243fa950bae0e0d24c08cb5def8d2d4') in 0.014311 seconds
  Import took 0.016912 seconds .

========================================================================
Received Import Request.
  Time since last request: 7.368986 seconds.
  path: Assets/Scripts/States/SelectionState.cs
  artifactKey: Guid(b5c6cb26bd8f8f24996dfca56bc81ad7) Importer(815301076,1909f56bfc062723c751e8b465ee728b)
Start importing Assets/Scripts/States/SelectionState.cs using Guid(b5c6cb26bd8f8f24996dfca56bc81ad7) Importer(815301076,1909f56bfc062723c751e8b465ee728b)  -> (artifact id: 'efd9176d0b4f21c7ef11e42eaf316d59') in 0.021634 seconds
  Import took 0.027298 seconds .

========================================================================
Received Import Request.
  Time since last request: 0.000919 seconds.
  path: Assets/Scripts/States/SelectionState.cs
  artifactKey: Guid(b5c6cb26bd8f8f24996dfca56bc81ad7) Importer(815301076,1909f56bfc062723c751e8b465ee728b)
Start importing Assets/Scripts/States/SelectionState.cs using Guid(b5c6cb26bd8f8f24996dfca56bc81ad7) Importer(815301076,1909f56bfc062723c751e8b465ee728b)  -> (artifact id: 'efd9176d0b4f21c7ef11e42eaf316d59') in 0.026035 seconds
  Import took 0.029503 seconds .

========================================================================
Received Prepare
Registering precompiled user dll's ...
Registered in 0.000686 seconds.
Begin MonoManager ReloadAssembly
Native extension for WindowsStandalone target not found
Native extension for WebGL target not found
Refreshing native plugins compatible for Editor in 0.23 ms, found 0 plugins.
Preloading 0 native plugins for Editor in 0.00 ms.
Invoked RoslynAnalysisRunner static constructor.
RoslynAnalysisRunner will not be running.
RoslynAnalysisRunner has terminated.
Mono: successfully reloaded assembly
- Completed reload, in  1.317 seconds
Platform modules already initialized, skipping
Refreshing native plugins compatible for Editor in 0.22 ms, found 0 plugins.
Preloading 0 native plugins for Editor in 0.00 ms.
Unloading 1161 Unused Serialized files (Serialized files now loaded: 0)
System memory in use before: 64.4 MB.
System memory in use after: 63.9 MB.

Unloading 18 unused Assets to reduce memory usage. Loaded Objects now: 1675.
Total: 1.998100 ms (FindLiveObjects: 0.161100 ms CreateObjectMapping: 0.051900 ms MarkObjects: 1.437600 ms  DeleteObjects: 0.345800 ms)

========================================================================
Received Prepare
Registering precompiled user dll's ...
Registered in 0.000719 seconds.
Begin MonoManager ReloadAssembly
Native extension for WindowsStandalone target not found
Native extension for WebGL target not found
Refreshing native plugins compatible for Editor in 0.26 ms, found 0 plugins.
Preloading 0 native plugins for Editor in 0.00 ms.
Invoked RoslynAnalysisRunner static constructor.
RoslynAnalysisRunner will not be running.
RoslynAnalysisRunner has terminated.
Mono: successfully reloaded assembly
- Completed reload, in  0.905 seconds
Platform modules already initialized, skipping
Refreshing native plugins compatible for Editor in 0.33 ms, found 0 plugins.
Preloading 0 native plugins for Editor in 0.00 ms.
Unloading 1161 Unused Serialized files (Serialized files now loaded: 0)
System memory in use before: 64.4 MB.
System memory in use after: 63.9 MB.

Unloading 18 unused Assets to reduce memory usage. Loaded Objects now: 1678.
Total: 2.602600 ms (FindLiveObjects: 0.212100 ms CreateObjectMapping: 0.070500 ms MarkObjects: 1.945100 ms  DeleteObjects: 0.373100 ms)

========================================================================
Received Import Request.
  Time since last request: 62.045725 seconds.
  path: Assets/Scripts/Agent.cs
  artifactKey: Guid(32ceed8271570774aa69185116c2d4eb) Importer(815301076,1909f56bfc062723c751e8b465ee728b)
Start importing Assets/Scripts/Agent.cs using Guid(32ceed8271570774aa69185116c2d4eb) Importer(815301076,1909f56bfc062723c751e8b465ee728b)  -> (artifact id: 'a3dab2f925af44493a0ac0dad34ab3e4') in 0.009854 seconds
  Import took 0.012564 seconds .

========================================================================
Received Prepare
Registering precompiled user dll's ...
Registered in 0.000947 seconds.
Begin MonoManager ReloadAssembly
Native extension for WindowsStandalone target not found
Native extension for WebGL target not found
Refreshing native plugins compatible for Editor in 0.27 ms, found 0 plugins.
Preloading 0 native plugins for Editor in 0.00 ms.
Invoked RoslynAnalysisRunner static constructor.
RoslynAnalysisRunner will not be running.
RoslynAnalysisRunner has terminated.
Mono: successfully reloaded assembly
- Completed reload, in  0.965 seconds
Platform modules already initialized, skipping
Refreshing native plugins compatible for Editor in 0.25 ms, found 0 plugins.
Preloading 0 native plugins for Editor in 0.00 ms.
Unloading 1161 Unused Serialized files (Serialized files now loaded: 0)
System memory in use before: 64.4 MB.
System memory in use after: 63.9 MB.

Unloading 18 unused Assets to reduce memory usage. Loaded Objects now: 1681.
Total: 2.770700 ms (FindLiveObjects: 0.285600 ms CreateObjectMapping: 0.090100 ms MarkObjects: 2.064200 ms  DeleteObjects: 0.328200 ms)

========================================================================
Received Import Request.
  Time since last request: 49.795184 seconds.
  path: Assets/Scripts/Singleton.cs
  artifactKey: Guid(14b162310c6b3e34589153f086ed955d) Importer(815301076,1909f56bfc062723c751e8b465ee728b)
Start importing Assets/Scripts/Singleton.cs using Guid(14b162310c6b3e34589153f086ed955d) Importer(815301076,1909f56bfc062723c751e8b465ee728b)  -> (artifact id: 'e6dec2be18d1451a164bc96a41d1166e') in 0.030414 seconds
  Import took 0.032728 seconds .

========================================================================
Received Prepare
Registering precompiled user dll's ...
Registered in 0.000942 seconds.
Begin MonoManager ReloadAssembly
Native extension for WindowsStandalone target not found
Native extension for WebGL target not found
Refreshing native plugins compatible for Editor in 0.38 ms, found 0 plugins.
Preloading 0 native plugins for Editor in 0.00 ms.
Invoked RoslynAnalysisRunner static constructor.
RoslynAnalysisRunner will not be running.
RoslynAnalysisRunner has terminated.
Mono: successfully reloaded assembly
- Completed reload, in  4.293 seconds
Platform modules already initialized, skipping
Refreshing native plugins compatible for Editor in 0.37 ms, found 0 plugins.
Preloading 0 native plugins for Editor in 0.00 ms.
Unloading 1162 Unused Serialized files (Serialized files now loaded: 0)
System memory in use before: 64.4 MB.
System memory in use after: 63.9 MB.

Unloading 18 unused Assets to reduce memory usage. Loaded Objects now: 1685.
Total: 2.982900 ms (FindLiveObjects: 0.251300 ms CreateObjectMapping: 0.092700 ms MarkObjects: 2.132100 ms  DeleteObjects: 0.504600 ms)

========================================================================
Received Prepare
Registering precompiled user dll's ...
Registered in 0.001197 seconds.
Begin MonoManager ReloadAssembly
Native extension for WindowsStandalone target not found
Native extension for WebGL target not found
Refreshing native plugins compatible for Editor in 0.22 ms, found 0 plugins.
Preloading 0 native plugins for Editor in 0.00 ms.
Invoked RoslynAnalysisRunner static constructor.
RoslynAnalysisRunner will not be running.
RoslynAnalysisRunner has terminated.
Mono: successfully reloaded assembly
- Completed reload, in  1.113 seconds
Platform modules already initialized, skipping
Refreshing native plugins compatible for Editor in 0.26 ms, found 0 plugins.
Preloading 0 native plugins for Editor in 0.00 ms.
Unloading 1162 Unused Serialized files (Serialized files now loaded: 0)
System memory in use before: 64.4 MB.
System memory in use after: 63.9 MB.

Unloading 18 unused Assets to reduce memory usage. Loaded Objects now: 1688.
Total: 3.778500 ms (FindLiveObjects: 0.341100 ms CreateObjectMapping: 1.026500 ms MarkObjects: 2.082900 ms  DeleteObjects: 0.326300 ms)

========================================================================
Received Import Request.
  Time since last request: 26.364379 seconds.
  path: Assets/Scripts/Singleton.cs
  artifactKey: Guid(14b162310c6b3e34589153f086ed955d) Importer(815301076,1909f56bfc062723c751e8b465ee728b)
Start importing Assets/Scripts/Singleton.cs using Guid(14b162310c6b3e34589153f086ed955d) Importer(815301076,1909f56bfc062723c751e8b465ee728b)  -> (artifact id: '0b2654fc2af553d999bb69056c058ce6') in 0.005947 seconds
  Import took 0.007961 seconds .

========================================================================
Received Prepare
Registering precompiled user dll's ...
Registered in 0.000760 seconds.
Begin MonoManager ReloadAssembly
Native extension for WindowsStandalone target not found
Native extension for WebGL target not found
Refreshing native plugins compatible for Editor in 0.23 ms, found 0 plugins.
Preloading 0 native plugins for Editor in 0.00 ms.
Invoked RoslynAnalysisRunner static constructor.
RoslynAnalysisRunner will not be running.
RoslynAnalysisRunner has terminated.
Mono: successfully reloaded assembly
- Completed reload, in  0.956 seconds
Platform modules already initialized, skipping
Refreshing native plugins compatible for Editor in 0.22 ms, found 0 plugins.
Preloading 0 native plugins for Editor in 0.00 ms.
Unloading 1162 Unused Serialized files (Serialized files now loaded: 0)
System memory in use before: 64.4 MB.
System memory in use after: 63.9 MB.

Unloading 18 unused Assets to reduce memory usage. Loaded Objects now: 1691.
Total: 2.061000 ms (FindLiveObjects: 0.154800 ms CreateObjectMapping: 0.044600 ms MarkObjects: 1.523800 ms  DeleteObjects: 0.336200 ms)

========================================================================
Received Import Request.
  Time since last request: 102.330271 seconds.
  path: Assets/Scripts/States/Game I.cs
  artifactKey: Guid(403d2264f8ee68742b66523de0594c39) Importer(815301076,1909f56bfc062723c751e8b465ee728b)
Start importing Assets/Scripts/States/Game I.cs using Guid(403d2264f8ee68742b66523de0594c39) Importer(815301076,1909f56bfc062723c751e8b465ee728b)  -> (artifact id: '33db0dd2d6cfcc3a89f73f01e5c6efa0') in 0.021331 seconds
  Import took 0.035935 seconds .

========================================================================
Received Prepare
Registering precompiled user dll's ...
Registered in 0.002253 seconds.
Begin MonoManager ReloadAssembly
Native extension for WindowsStandalone target not found
Native extension for WebGL target not found
Refreshing native plugins compatible for Editor in 0.22 ms, found 0 plugins.
Preloading 0 native plugins for Editor in 0.00 ms.
Invoked RoslynAnalysisRunner static constructor.
RoslynAnalysisRunner will not be running.
RoslynAnalysisRunner has terminated.
Mono: successfully reloaded assembly
- Completed reload, in  1.127 seconds
Platform modules already initialized, skipping
Refreshing native plugins compatible for Editor in 0.26 ms, found 0 plugins.
Preloading 0 native plugins for Editor in 0.00 ms.
Unloading 1163 Unused Serialized files (Serialized files now loaded: 0)
System memory in use before: 64.5 MB.
System memory in use after: 63.9 MB.

Unloading 18 unused Assets to reduce memory usage. Loaded Objects now: 1695.
Total: 2.034000 ms (FindLiveObjects: 0.237900 ms CreateObjectMapping: 0.078700 ms MarkObjects: 1.381900 ms  DeleteObjects: 0.334000 ms)

========================================================================
Received Prepare
Registering precompiled user dll's ...
Registered in 0.000869 seconds.
Begin MonoManager ReloadAssembly
Native extension for WindowsStandalone target not found
Native extension for WebGL target not found
Refreshing native plugins compatible for Editor in 0.22 ms, found 0 plugins.
Preloading 0 native plugins for Editor in 0.00 ms.
Invoked RoslynAnalysisRunner static constructor.
RoslynAnalysisRunner will not be running.
RoslynAnalysisRunner has terminated.
Mono: successfully reloaded assembly
- Completed reload, in  1.064 seconds
Platform modules already initialized, skipping
Refreshing native plugins compatible for Editor in 0.21 ms, found 0 plugins.
Preloading 0 native plugins for Editor in 0.00 ms.
Unloading 1162 Unused Serialized files (Serialized files now loaded: 0)
System memory in use before: 64.4 MB.
System memory in use after: 63.9 MB.

Unloading 19 unused Assets to reduce memory usage. Loaded Objects now: 1697.
Total: 1.833900 ms (FindLiveObjects: 0.151800 ms CreateObjectMapping: 0.041400 ms MarkObjects: 1.314300 ms  DeleteObjects: 0.325400 ms)

========================================================================
Received Import Request.
  Time since last request: 24.951815 seconds.
  path: Assets/Scripts/States/Minigame1.cs
  artifactKey: Guid(1e3dda6675b29a74e8a1342990396a80) Importer(815301076,1909f56bfc062723c751e8b465ee728b)
Start importing Assets/Scripts/States/Minigame1.cs using Guid(1e3dda6675b29a74e8a1342990396a80) Importer(815301076,1909f56bfc062723c751e8b465ee728b)  -> (artifact id: '6f0950c087349017b09fc21aa0246a58') in 0.038312 seconds
  Import took 0.052489 seconds .

========================================================================
Received Prepare
Registering precompiled user dll's ...
Registered in 0.000648 seconds.
Begin MonoManager ReloadAssembly
Native extension for WindowsStandalone target not found
Native extension for WebGL target not found
Refreshing native plugins compatible for Editor in 0.22 ms, found 0 plugins.
Preloading 0 native plugins for Editor in 0.00 ms.
Invoked RoslynAnalysisRunner static constructor.
RoslynAnalysisRunner will not be running.
RoslynAnalysisRunner has terminated.
Mono: successfully reloaded assembly
- Completed reload, in  1.053 seconds
Platform modules already initialized, skipping
Refreshing native plugins compatible for Editor in 0.24 ms, found 0 plugins.
Preloading 0 native plugins for Editor in 0.00 ms.
Unloading 1163 Unused Serialized files (Serialized files now loaded: 0)
System memory in use before: 64.5 MB.
System memory in use after: 63.9 MB.

Unloading 18 unused Assets to reduce memory usage. Loaded Objects now: 1701.
Total: 1.983000 ms (FindLiveObjects: 0.160400 ms CreateObjectMapping: 0.052100 ms MarkObjects: 1.433200 ms  DeleteObjects: 0.336100 ms)

========================================================================
Received Import Request.
  Time since last request: 9.276929 seconds.
  path: Assets/Scripts/States/Minigame2.cs
  artifactKey: Guid(02e16d5cee895fa49b0258ca7a4cf4a4) Importer(815301076,1909f56bfc062723c751e8b465ee728b)
Start importing Assets/Scripts/States/Minigame2.cs using Guid(02e16d5cee895fa49b0258ca7a4cf4a4) Importer(815301076,1909f56bfc062723c751e8b465ee728b)  -> (artifact id: '08fd37749b2754f637a3fe0a0ff3d899') in 0.021661 seconds
  Import took 0.029690 seconds .

========================================================================
Received Import Request.
  Time since last request: 0.005518 seconds.
  path: Assets/Scripts/States/Minigame2.cs
  artifactKey: Guid(02e16d5cee895fa49b0258ca7a4cf4a4) Importer(815301076,1909f56bfc062723c751e8b465ee728b)
Start importing Assets/Scripts/States/Minigame2.cs using Guid(02e16d5cee895fa49b0258ca7a4cf4a4) Importer(815301076,1909f56bfc062723c751e8b465ee728b)  -> (artifact id: '08fd37749b2754f637a3fe0a0ff3d899') in 0.040733 seconds
  Import took 0.045383 seconds .

========================================================================
Received Prepare
Registering precompiled user dll's ...
Registered in 0.000628 seconds.
Begin MonoManager ReloadAssembly
Native extension for WindowsStandalone target not found
Native extension for WebGL target not found
Refreshing native plugins compatible for Editor in 0.22 ms, found 0 plugins.
Preloading 0 native plugins for Editor in 0.00 ms.
Invoked RoslynAnalysisRunner static constructor.
RoslynAnalysisRunner will not be running.
RoslynAnalysisRunner has terminated.
Mono: successfully reloaded assembly
- Completed reload, in  1.045 seconds
Platform modules already initialized, skipping
Refreshing native plugins compatible for Editor in 0.28 ms, found 0 plugins.
Preloading 0 native plugins for Editor in 0.00 ms.
Unloading 1164 Unused Serialized files (Serialized files now loaded: 0)
System memory in use before: 64.5 MB.
System memory in use after: 64.0 MB.

Unloading 18 unused Assets to reduce memory usage. Loaded Objects now: 1705.
Total: 2.061200 ms (FindLiveObjects: 0.159500 ms CreateObjectMapping: 0.044600 ms MarkObjects: 1.467100 ms  DeleteObjects: 0.388800 ms)

========================================================================
Received Import Request.
  Time since last request: 10.899770 seconds.
  path: Assets/Scripts/States/Minigame3.cs
  artifactKey: Guid(076d02f0a67ee8944b7147490eb252ea) Importer(815301076,1909f56bfc062723c751e8b465ee728b)
Start importing Assets/Scripts/States/Minigame3.cs using Guid(076d02f0a67ee8944b7147490eb252ea) Importer(815301076,1909f56bfc062723c751e8b465ee728b)  -> (artifact id: '0a909dc1219572f03bcc5458102a2903') in 0.020566 seconds
  Import took 0.032582 seconds .

========================================================================
Received Prepare
Registering precompiled user dll's ...
Registered in 0.000990 seconds.
Begin MonoManager ReloadAssembly
Native extension for WindowsStandalone target not found
Native extension for WebGL target not found
Refreshing native plugins compatible for Editor in 0.23 ms, found 0 plugins.
Preloading 0 native plugins for Editor in 0.00 ms.
Invoked RoslynAnalysisRunner static constructor.
RoslynAnalysisRunner will not be running.
RoslynAnalysisRunner has terminated.
Mono: successfully reloaded assembly
- Completed reload, in  1.131 seconds
Platform modules already initialized, skipping
Refreshing native plugins compatible for Editor in 0.28 ms, found 0 plugins.
Preloading 0 native plugins for Editor in 0.00 ms.
Unloading 1165 Unused Serialized files (Serialized files now loaded: 0)
System memory in use before: 64.5 MB.
System memory in use after: 64.0 MB.

Unloading 18 unused Assets to reduce memory usage. Loaded Objects now: 1709.
Total: 2.238300 ms (FindLiveObjects: 0.276100 ms CreateObjectMapping: 0.092400 ms MarkObjects: 1.534300 ms  DeleteObjects: 0.333900 ms)

========================================================================
Received Import Request.
  Time since last request: 9.141414 seconds.
  path: Assets/Scripts/States/Minigame 3.cs
  artifactKey: Guid(162d0d84b626d1b4698641cf2e05415d) Importer(815301076,1909f56bfc062723c751e8b465ee728b)
Start importing Assets/Scripts/States/Minigame 3.cs using Guid(162d0d84b626d1b4698641cf2e05415d) Importer(815301076,1909f56bfc062723c751e8b465ee728b)  -> (artifact id: 'e92d91b42193032974c2938a29c0b330') in 0.027010 seconds
  Import took 0.029313 seconds .

========================================================================
Received Import Request.
  Time since last request: 22.937709 seconds.
  path: Assets/Scripts/States/Minigame 3.cs
  artifactKey: Guid(162d0d84b626d1b4698641cf2e05415d) Importer(815301076,1909f56bfc062723c751e8b465ee728b)
Start importing Assets/Scripts/States/Minigame 3.cs using Guid(162d0d84b626d1b4698641cf2e05415d) Importer(815301076,1909f56bfc062723c751e8b465ee728b)  -> (artifact id: 'cf640d19c76a356ec1ffb7f0cf240732') in 0.042387 seconds
  Import took 0.059201 seconds .

========================================================================
Received Prepare
Registering precompiled user dll's ...
Registered in 0.001266 seconds.
Begin MonoManager ReloadAssembly
Native extension for WindowsStandalone target not found
Native extension for WebGL target not found
Refreshing native plugins compatible for Editor in 0.34 ms, found 0 plugins.
Preloading 0 native plugins for Editor in 0.00 ms.
Invoked RoslynAnalysisRunner static constructor.
RoslynAnalysisRunner will not be running.
RoslynAnalysisRunner has terminated.
Mono: successfully reloaded assembly
- Completed reload, in  1.122 seconds
Platform modules already initialized, skipping
Refreshing native plugins compatible for Editor in 0.51 ms, found 0 plugins.
Preloading 0 native plugins for Editor in 0.00 ms.
Unloading 1166 Unused Serialized files (Serialized files now loaded: 0)
System memory in use before: 64.5 MB.
System memory in use after: 64.0 MB.

Unloading 18 unused Assets to reduce memory usage. Loaded Objects now: 1713.
Total: 5.422200 ms (FindLiveObjects: 0.753500 ms CreateObjectMapping: 0.068200 ms MarkObjects: 3.940600 ms  DeleteObjects: 0.658100 ms)

========================================================================
Received Import Request.
  Time since last request: 54.158118 seconds.
  path: Assets/Scripts/States/SelectionState.cs
  artifactKey: Guid(b5c6cb26bd8f8f24996dfca56bc81ad7) Importer(815301076,1909f56bfc062723c751e8b465ee728b)
Start importing Assets/Scripts/States/SelectionState.cs using Guid(b5c6cb26bd8f8f24996dfca56bc81ad7) Importer(815301076,1909f56bfc062723c751e8b465ee728b)  -> (artifact id: 'ce27ae20f5fb92b1cb6634b6e99b663c') in 0.023565 seconds
  Import took 0.027138 seconds .

========================================================================
Received Import Request.
  Time since last request: 6.052405 seconds.
  path: Assets/Scripts/States/Minigame3.cs
  artifactKey: Guid(076d02f0a67ee8944b7147490eb252ea) Importer(815301076,1909f56bfc062723c751e8b465ee728b)
Start importing Assets/Scripts/States/Minigame3.cs using Guid(076d02f0a67ee8944b7147490eb252ea) Importer(815301076,1909f56bfc062723c751e8b465ee728b)  -> (artifact id: 'a389a75a5e1963cab4d376acfb788f8e') in 0.018719 seconds
  Import took 0.022582 seconds .

========================================================================
Received Import Request.
  Time since last request: 9.924175 seconds.
  path: Assets/Scripts/States/Minigame4.cs
  artifactKey: Guid(076d02f0a67ee8944b7147490eb252ea) Importer(815301076,1909f56bfc062723c751e8b465ee728b)
Start importing Assets/Scripts/States/Minigame4.cs using Guid(076d02f0a67ee8944b7147490eb252ea) Importer(815301076,1909f56bfc062723c751e8b465ee728b)  -> (artifact id: '5eca472650bef97883c6c8f378e06633') in 0.107176 seconds
  Import took 0.110124 seconds .

========================================================================
Received Prepare
Registering precompiled user dll's ...
Registered in 0.001621 seconds.
Begin MonoManager ReloadAssembly
Native extension for WindowsStandalone target not found
Native extension for WebGL target not found
Refreshing native plugins compatible for Editor in 0.26 ms, found 0 plugins.
Preloading 0 native plugins for Editor in 0.00 ms.
Invoked RoslynAnalysisRunner static constructor.
RoslynAnalysisRunner will not be running.
RoslynAnalysisRunner has terminated.
Mono: successfully reloaded assembly
- Completed reload, in  1.049 seconds
Platform modules already initialized, skipping
Refreshing native plugins compatible for Editor in 0.22 ms, found 0 plugins.
Preloading 0 native plugins for Editor in 0.00 ms.
Unloading 1166 Unused Serialized files (Serialized files now loaded: 0)
System memory in use before: 64.6 MB.
System memory in use after: 64.0 MB.

Unloading 18 unused Assets to reduce memory usage. Loaded Objects now: 1716.
Total: 2.400300 ms (FindLiveObjects: 0.180500 ms CreateObjectMapping: 0.040500 ms MarkObjects: 1.851400 ms  DeleteObjects: 0.326700 ms)

========================================================================
Received Import Request.
  Time since last request: 8.602899 seconds.
  path: Assets/Scripts/States/Minigame3.cs
  artifactKey: Guid(162d0d84b626d1b4698641cf2e05415d) Importer(815301076,1909f56bfc062723c751e8b465ee728b)
Start importing Assets/Scripts/States/Minigame3.cs using Guid(162d0d84b626d1b4698641cf2e05415d) Importer(815301076,1909f56bfc062723c751e8b465ee728b)  -> (artifact id: 'a45c31ba4f64af24f6a51766f8e5a698') in 0.024710 seconds
  Import took 0.027962 seconds .

========================================================================
Received Prepare
Registering precompiled user dll's ...
Registered in 0.003915 seconds.
Begin MonoManager ReloadAssembly
Native extension for WindowsStandalone target not found
Native extension for WebGL target not found
Refreshing native plugins compatible for Editor in 0.22 ms, found 0 plugins.
Preloading 0 native plugins for Editor in 0.00 ms.
Invoked RoslynAnalysisRunner static constructor.
RoslynAnalysisRunner will not be running.
RoslynAnalysisRunner has terminated.
Mono: successfully reloaded assembly
- Completed reload, in  0.974 seconds
Platform modules already initialized, skipping
Refreshing native plugins compatible for Editor in 0.34 ms, found 0 plugins.
Preloading 0 native plugins for Editor in 0.00 ms.
Unloading 1166 Unused Serialized files (Serialized files now loaded: 0)
System memory in use before: 64.6 MB.
System memory in use after: 64.0 MB.

Unloading 18 unused Assets to reduce memory usage. Loaded Objects now: 1719.
Total: 1.857800 ms (FindLiveObjects: 0.153400 ms CreateObjectMapping: 0.045600 ms MarkObjects: 1.341100 ms  DeleteObjects: 0.316400 ms)

========================================================================
Received Prepare
Registering precompiled user dll's ...
Registered in 0.000710 seconds.
Begin MonoManager ReloadAssembly
Native extension for WindowsStandalone target not found
Native extension for WebGL target not found
Refreshing native plugins compatible for Editor in 0.23 ms, found 0 plugins.
Preloading 0 native plugins for Editor in 0.00 ms.
Invoked RoslynAnalysisRunner static constructor.
RoslynAnalysisRunner will not be running.
RoslynAnalysisRunner has terminated.
Mono: successfully reloaded assembly
- Completed reload, in  0.986 seconds
Platform modules already initialized, skipping
Refreshing native plugins compatible for Editor in 0.39 ms, found 0 plugins.
Preloading 0 native plugins for Editor in 0.00 ms.
Unloading 1166 Unused Serialized files (Serialized files now loaded: 0)
System memory in use before: 64.6 MB.
System memory in use after: 64.0 MB.

Unloading 18 unused Assets to reduce memory usage. Loaded Objects now: 1722.
Total: 2.373000 ms (FindLiveObjects: 0.289400 ms CreateObjectMapping: 0.065300 ms MarkObjects: 1.441600 ms  DeleteObjects: 0.574900 ms)

========================================================================
Received Prepare
Registering precompiled user dll's ...
Registered in 0.000710 seconds.
Begin MonoManager ReloadAssembly
Native extension for WindowsStandalone target not found
Native extension for WebGL target not found
Refreshing native plugins compatible for Editor in 0.23 ms, found 0 plugins.
Preloading 0 native plugins for Editor in 0.00 ms.
Invoked RoslynAnalysisRunner static constructor.
RoslynAnalysisRunner will not be running.
RoslynAnalysisRunner has terminated.
Mono: successfully reloaded assembly
- Completed reload, in  0.971 seconds
Platform modules already initialized, skipping
Refreshing native plugins compatible for Editor in 0.38 ms, found 0 plugins.
Preloading 0 native plugins for Editor in 0.00 ms.
Unloading 1166 Unused Serialized files (Serialized files now loaded: 0)
System memory in use before: 64.6 MB.
System memory in use after: 64.0 MB.

Unloading 18 unused Assets to reduce memory usage. Loaded Objects now: 1725.
Total: 2.620400 ms (FindLiveObjects: 0.299300 ms CreateObjectMapping: 0.128100 ms MarkObjects: 1.705000 ms  DeleteObjects: 0.486100 ms)

========================================================================
Received Prepare
Registering precompiled user dll's ...
Registered in 0.001077 seconds.
Begin MonoManager ReloadAssembly
Native extension for WindowsStandalone target not found
Native extension for WebGL target not found
Refreshing native plugins compatible for Editor in 0.35 ms, found 0 plugins.
Preloading 0 native plugins for Editor in 0.00 ms.
Invoked RoslynAnalysisRunner static constructor.
RoslynAnalysisRunner will not be running.
RoslynAnalysisRunner has terminated.
Mono: successfully reloaded assembly
- Completed reload, in  1.077 seconds
Platform modules already initialized, skipping
Refreshing native plugins compatible for Editor in 0.22 ms, found 0 plugins.
Preloading 0 native plugins for Editor in 0.00 ms.
Unloading 1166 Unused Serialized files (Serialized files now loaded: 0)
System memory in use before: 64.6 MB.
System memory in use after: 64.0 MB.

Unloading 18 unused Assets to reduce memory usage. Loaded Objects now: 1728.
Total: 2.338500 ms (FindLiveObjects: 0.175600 ms CreateObjectMapping: 0.056400 ms MarkObjects: 1.641000 ms  DeleteObjects: 0.446000 ms)

========================================================================
Received Import Request.
  Time since last request: 780.753628 seconds.
  path: Assets/Scripts/ClicketyClick.cs
  artifactKey: Guid(08fda6be7e33e7b47850d5f74584f899) Importer(815301076,1909f56bfc062723c751e8b465ee728b)
Start importing Assets/Scripts/ClicketyClick.cs using Guid(08fda6be7e33e7b47850d5f74584f899) Importer(815301076,1909f56bfc062723c751e8b465ee728b)  -> (artifact id: '9599c9603b351d1b40b22869df47de52') in 0.008905 seconds
  Import took 0.018659 seconds .

========================================================================
Received Prepare
Registering precompiled user dll's ...
Registered in 0.000952 seconds.
Begin MonoManager ReloadAssembly
Native extension for WindowsStandalone target not found
Native extension for WebGL target not found
Refreshing native plugins compatible for Editor in 0.23 ms, found 0 plugins.
Preloading 0 native plugins for Editor in 0.00 ms.
Invoked RoslynAnalysisRunner static constructor.
RoslynAnalysisRunner will not be running.
RoslynAnalysisRunner has terminated.
Mono: successfully reloaded assembly
- Completed reload, in  0.931 seconds
Platform modules already initialized, skipping
Refreshing native plugins compatible for Editor in 0.24 ms, found 0 plugins.
Preloading 0 native plugins for Editor in 0.00 ms.
Unloading 1166 Unused Serialized files (Serialized files now loaded: 0)
System memory in use before: 64.6 MB.
System memory in use after: 64.1 MB.

Unloading 18 unused Assets to reduce memory usage. Loaded Objects now: 1731.
Total: 2.077700 ms (FindLiveObjects: 0.167000 ms CreateObjectMapping: 0.050800 ms MarkObjects: 1.518200 ms  DeleteObjects: 0.340400 ms)

========================================================================
Received Prepare
Registering precompiled user dll's ...
Registered in 0.000999 seconds.
Begin MonoManager ReloadAssembly
Native extension for WindowsStandalone target not found
Native extension for WebGL target not found
Refreshing native plugins compatible for Editor in 0.23 ms, found 0 plugins.
Preloading 0 native plugins for Editor in 0.00 ms.
Invoked RoslynAnalysisRunner static constructor.
RoslynAnalysisRunner will not be running.
RoslynAnalysisRunner has terminated.
Mono: successfully reloaded assembly
- Completed reload, in  1.150 seconds
Platform modules already initialized, skipping
Refreshing native plugins compatible for Editor in 0.33 ms, found 0 plugins.
Preloading 0 native plugins for Editor in 0.00 ms.
Unloading 1166 Unused Serialized files (Serialized files now loaded: 0)
System memory in use before: 64.6 MB.
System memory in use after: 64.1 MB.

Unloading 18 unused Assets to reduce memory usage. Loaded Objects now: 1734.
Total: 2.355500 ms (FindLiveObjects: 0.170700 ms CreateObjectMapping: 0.056900 ms MarkObjects: 1.792500 ms  DeleteObjects: 0.333200 ms)

========================================================================
Received Import Request.
  Time since last request: 424.973545 seconds.
  path: Assets/TextMesh Pro/Examples & Extras/Fonts/Anton.ttf
  artifactKey: Guid(997a43b767814dd0a7642ec9b78cba41) Importer(815301076,1909f56bfc062723c751e8b465ee728b)
Start importing Assets/TextMesh Pro/Examples & Extras/Fonts/Anton.ttf using Guid(997a43b767814dd0a7642ec9b78cba41) Importer(815301076,1909f56bfc062723c751e8b465ee728b)  -> (artifact id: '2accfbb793a1dfdabffc778dacb47ddf') in 0.154311 seconds
  Import took 0.157391 seconds .

========================================================================
Received Import Request.
  Time since last request: 0.000211 seconds.
  path: Assets/TextMesh Pro/Examples & Extras/Resources/Fonts & Materials/Anton SDF.asset
  artifactKey: Guid(8a89fa14b10d46a99122fd4f73fca9a2) Importer(815301076,1909f56bfc062723c751e8b465ee728b)
Start importing Assets/TextMesh Pro/Examples & Extras/Resources/Fonts & Materials/Anton SDF.asset using Guid(8a89fa14b10d46a99122fd4f73fca9a2) Importer(815301076,1909f56bfc062723c751e8b465ee728b)  -> (artifact id: '123aba97ff065e9d06926212204dd528') in 0.077128 seconds
  Import took 0.079848 seconds .

========================================================================
Received Import Request.
  Time since last request: 0.000215 seconds.
  path: Assets/TextMesh Pro/Examples & Extras/Resources/Fonts & Materials/Anton SDF - Drop Shadow.mat
  artifactKey: Guid(749b9069dc4742c5bfa5c74644049926) Importer(815301076,1909f56bfc062723c751e8b465ee728b)
Start importing Assets/TextMesh Pro/Examples & Extras/Resources/Fonts & Materials/Anton SDF - Drop Shadow.mat using Guid(749b9069dc4742c5bfa5c74644049926) Importer(815301076,1909f56bfc062723c751e8b465ee728b)  -> (artifact id: 'af12729bfa6eb8c978c5f71bc251af59') in 0.123622 seconds
  Import took 0.126786 seconds .

========================================================================
Received Import Request.
  Time since last request: 0.000235 seconds.
  path: Assets/TextMesh Pro/Examples & Extras/Resources/Sprite Assets/DropCap Numbers.asset
  artifactKey: Guid(14aa93acbb234d16aaef0e8b46814db6) Importer(815301076,1909f56bfc062723c751e8b465ee728b)
Start importing Assets/TextMesh Pro/Examples & Extras/Resources/Sprite Assets/DropCap Numbers.asset using Guid(14aa93acbb234d16aaef0e8b46814db6) Importer(815301076,1909f56bfc062723c751e8b465ee728b)  -> (artifact id: 'dc3144f24072b1e9ba29cda0605ac1e9') in 0.025400 seconds
  Import took 0.028369 seconds .

========================================================================
Received Import Request.
  Time since last request: 0.000195 seconds.
  path: Assets/TextMesh Pro/Examples & Extras/Sprites/Default Sprites.png
  artifactKey: Guid(a0fc465d6cf04254a2938578735e2383) Importer(815301076,1909f56bfc062723c751e8b465ee728b)
Start importing Assets/TextMesh Pro/Examples & Extras/Sprites/Default Sprites.png using Guid(a0fc465d6cf04254a2938578735e2383) Importer(815301076,1909f56bfc062723c751e8b465ee728b)  -> (artifact id: 'f625dfe1ecb073b9bb638fabbf9de97e') in 0.060284 seconds
  Import took 0.063580 seconds .

========================================================================
Received Import Request.
  Time since last request: 0.000282 seconds.
  path: Assets/TextMesh Pro/Examples & Extras/Textures/Brushed Metal 3.jpg
  artifactKey: Guid(f88677df267a41d6be1e7a6133e7d227) Importer(815301076,1909f56bfc062723c751e8b465ee728b)
Start importing Assets/TextMesh Pro/Examples & Extras/Textures/Brushed Metal 3.jpg using Guid(f88677df267a41d6be1e7a6133e7d227) Importer(815301076,1909f56bfc062723c751e8b465ee728b)  -> (artifact id: '9adeaf84c2ddd39166b1d5c866c3f336') in 0.029962 seconds
  Import took 0.033015 seconds .

========================================================================
Received Import Request.
  Time since last request: 0.000311 seconds.
  path: Assets/TextMesh Pro/Examples & Extras/Resources/Fonts & Materials/Electronic Highway Sign SDF.asset
  artifactKey: Guid(dc36b3fdc14f47ebb36fd484a67e268a) Importer(815301076,1909f56bfc062723c751e8b465ee728b)
Start importing Assets/TextMesh Pro/Examples & Extras/Resources/Fonts & Materials/Electronic Highway Sign SDF.asset using Guid(dc36b3fdc14f47ebb36fd484a67e268a) Importer(815301076,1909f56bfc062723c751e8b465ee728b)  -> (artifact id: '9683228ee23afae28d89c4e19f57b834') in 0.027970 seconds
  Import took 0.031030 seconds .

========================================================================
Received Import Request.
  Time since last request: 0.000206 seconds.
  path: Assets/TextMesh Pro/Examples & Extras/Fonts/Oswald-Bold.ttf
  artifactKey: Guid(c9f6d0e7bc8541498c9a4799ba184ede) Importer(815301076,1909f56bfc062723c751e8b465ee728b)
Start importing Assets/TextMesh Pro/Examples & Extras/Fonts/Oswald-Bold.ttf using Guid(c9f6d0e7bc8541498c9a4799ba184ede) Importer(815301076,1909f56bfc062723c751e8b465ee728b)  -> (artifact id: '7a07dfc0fd77618653d896a3ad000e19') in 0.022648 seconds
  Import took 0.026703 seconds .

========================================================================
Received Import Request.
  Time since last request: 0.000209 seconds.
  path: Assets/TextMesh Pro/Examples & Extras/Fonts/Roboto-Bold.ttf
  artifactKey: Guid(4beb055f07aaff244873dec698d0363e) Importer(815301076,1909f56bfc062723c751e8b465ee728b)
Start importing Assets/TextMesh Pro/Examples & Extras/Fonts/Roboto-Bold.ttf using Guid(4beb055f07aaff244873dec698d0363e) Importer(815301076,1909f56bfc062723c751e8b465ee728b)  -> (artifact id: '1ec78cbbdf223803bbc92d2a10dbb0af') in 0.026660 seconds
  Import took 0.030408 seconds .

========================================================================
Received Import Request.
  Time since last request: 0.000155 seconds.
  path: Assets/TextMesh Pro/Examples & Extras/Resources/Fonts & Materials/Bangers SDF - Outline.mat
  artifactKey: Guid(f629c6e43dba4bf38cb74d8860150664) Importer(815301076,1909f56bfc062723c751e8b465ee728b)
Start importing Assets/TextMesh Pro/Examples & Extras/Resources/Fonts & Materials/Bangers SDF - Outline.mat using Guid(f629c6e43dba4bf38cb74d8860150664) Importer(815301076,1909f56bfc062723c751e8b465ee728b)  -> (artifact id: '463e424979fe0d2bc0e5c40b4292ffe0') in 0.085933 seconds
  Import took 0.088284 seconds .

========================================================================
Received Import Request.
  Time since last request: 0.000167 seconds.
  path: Assets/TextMesh Pro/Examples & Extras/Sprites/DropCap Numbers.psd
  artifactKey: Guid(fd09957580ac4326916010f1f260975b) Importer(815301076,1909f56bfc062723c751e8b465ee728b)
Start importing Assets/TextMesh Pro/Examples & Extras/Sprites/DropCap Numbers.psd using Guid(fd09957580ac4326916010f1f260975b) Importer(815301076,1909f56bfc062723c751e8b465ee728b)  -> (artifact id: 'a38e65891ae3ce5267eb4e661ac53560') in 0.031398 seconds
  Import took 0.033917 seconds .

========================================================================
Received Import Request.
  Time since last request: 0.000193 seconds.
  path: Assets/TextMesh Pro/Examples & Extras/Resources/Fonts & Materials/Anton SDF - Sunny Days.mat
  artifactKey: Guid(6522f30e342599e4e9dd4cc2cc03c830) Importer(815301076,1909f56bfc062723c751e8b465ee728b)
Start importing Assets/TextMesh Pro/Examples & Extras/Resources/Fonts & Materials/Anton SDF - Sunny Days.mat using Guid(6522f30e342599e4e9dd4cc2cc03c830) Importer(815301076,1909f56bfc062723c751e8b465ee728b)  -> (artifact id: '7e844631ce3993cbd1cad5f69551b5fa') in 0.151683 seconds
  Import took 0.154661 seconds .

========================================================================
Received Import Request.
  Time since last request: 0.000252 seconds.
  path: Assets/TextMesh Pro/Examples & Extras/Resources/Fonts & Materials/Bangers SDF.asset
  artifactKey: Guid(125cb55b44b24c4393181402bc6200e6) Importer(815301076,1909f56bfc062723c751e8b465ee728b)
Start importing Assets/TextMesh Pro/Examples & Extras/Resources/Fonts & Materials/Bangers SDF.asset using Guid(125cb55b44b24c4393181402bc6200e6) Importer(815301076,1909f56bfc062723c751e8b465ee728b)  -> (artifact id: 'e75a260bb66c09ab6fef4a6ab8befbe1') in 0.041698 seconds
  Import took 0.044342 seconds .

========================================================================
Received Import Request.
  Time since last request: 0.000190 seconds.
  path: Assets/TextMesh Pro/Resources/Style Sheets/Default Style Sheet.asset
  artifactKey: Guid(f952c082cb03451daed3ee968ac6c63e) Importer(815301076,1909f56bfc062723c751e8b465ee728b)
Start importing Assets/TextMesh Pro/Resources/Style Sheets/Default Style Sheet.asset using Guid(f952c082cb03451daed3ee968ac6c63e) Importer(815301076,1909f56bfc062723c751e8b465ee728b)  -> (artifact id: '364e1a425941ebb6851bd4dcbf6530e8') in 0.013894 seconds
  Import took 0.033021 seconds .

========================================================================
Received Import Request.
  Time since last request: 0.000253 seconds.
  path: Assets/TextMesh Pro/Examples & Extras/Materials/Crate - Surface Shader Scene.mat
  artifactKey: Guid(e6b9b44320f4448d9d5e0ee634259966) Importer(815301076,1909f56bfc062723c751e8b465ee728b)
Start importing Assets/TextMesh Pro/Examples & Extras/Materials/Crate - Surface Shader Scene.mat using Guid(e6b9b44320f4448d9d5e0ee634259966) Importer(815301076,1909f56bfc062723c751e8b465ee728b)  -> (artifact id: 'a13ec91aeb004fe2c97f08b4158d9373') in 0.401996 seconds
  Import took 0.404701 seconds .

========================================================================
Received Import Request.
  Time since last request: 0.000201 seconds.
  path: Assets/TextMesh Pro/Examples & Extras/Resources/Fonts & Materials/Bangers SDF - Drop Shadow.mat
  artifactKey: Guid(f2dcf029949142e28b974630369c8b4e) Importer(815301076,1909f56bfc062723c751e8b465ee728b)
Start importing Assets/TextMesh Pro/Examples & Extras/Resources/Fonts & Materials/Bangers SDF - Drop Shadow.mat using Guid(f2dcf029949142e28b974630369c8b4e) Importer(815301076,1909f56bfc062723c751e8b465ee728b)  -> (artifact id: '84f773468aee81377c900154f8f53ff3') in 0.032312 seconds
  Import took 0.035437 seconds .

========================================================================
Received Import Request.
  Time since last request: 0.000174 seconds.
  path: Assets/TextMesh Pro/Examples & Extras/Fonts/Electronic Highway Sign.TTF
  artifactKey: Guid(8a2b9e2a607dd2143b58c44bc32410b4) Importer(815301076,1909f56bfc062723c751e8b465ee728b)
Start importing Assets/TextMesh Pro/Examples & Extras/Fonts/Electronic Highway Sign.TTF using Guid(8a2b9e2a607dd2143b58c44bc32410b4) Importer(815301076,1909f56bfc062723c751e8b465ee728b)  -> (artifact id: '2accbd8402a2ad4cd68fec503a77905c') in 0.030208 seconds
  Import took 0.033445 seconds .

========================================================================
Received Import Request.
  Time since last request: 0.000187 seconds.
  path: Assets/TextMesh Pro/Fonts/LiberationSans.ttf
  artifactKey: Guid(e3265ab4bf004d28a9537516768c1c75) Importer(815301076,1909f56bfc062723c751e8b465ee728b)
Start importing Assets/TextMesh Pro/Fonts/LiberationSans.ttf using Guid(e3265ab4bf004d28a9537516768c1c75) Importer(815301076,1909f56bfc062723c751e8b465ee728b)  -> (artifact id: '9c7ec6a2a790a7598f2701074f94f584') in 0.029611 seconds
  Import took 0.033315 seconds .

========================================================================
Received Import Request.
  Time since last request: 0.000068 seconds.
  path: Assets/TextMesh Pro/Examples & Extras/Resources/Sprite Assets/Default Sprite Asset.asset
  artifactKey: Guid(fbef3c704dce48f08a44612d6c856c8d) Importer(815301076,1909f56bfc062723c751e8b465ee728b)
Start importing Assets/TextMesh Pro/Examples & Extras/Resources/Sprite Assets/Default Sprite Asset.asset using Guid(fbef3c704dce48f08a44612d6c856c8d) Importer(815301076,1909f56bfc062723c751e8b465ee728b)  -> (artifact id: '8b2af8dae77177fce38804e47312eb47') in 0.022561 seconds
  Import took 0.026299 seconds .

========================================================================
Received Import Request.
  Time since last request: 0.000270 seconds.
  path: Assets/TextMesh Pro/Examples & Extras/Resources/Fonts & Materials/Bangers SDF Glow.mat
  artifactKey: Guid(d75b8f41e959450c84ac6e967084d3e1) Importer(815301076,1909f56bfc062723c751e8b465ee728b)
Start importing Assets/TextMesh Pro/Examples & Extras/Resources/Fonts & Materials/Bangers SDF Glow.mat using Guid(d75b8f41e959450c84ac6e967084d3e1) Importer(815301076,1909f56bfc062723c751e8b465ee728b)  -> (artifact id: 'dc1d0876bfd9713c6e9a04e0364c6769') in 0.126040 seconds
  Import took 0.129384 seconds .

========================================================================
Received Import Request.
  Time since last request: 0.000181 seconds.
  path: Assets/TextMesh Pro/Sprites/EmojiOne.png
  artifactKey: Guid(dffef66376be4fa480fb02b19edbe903) Importer(815301076,1909f56bfc062723c751e8b465ee728b)
Start importing Assets/TextMesh Pro/Sprites/EmojiOne.png using Guid(dffef66376be4fa480fb02b19edbe903) Importer(815301076,1909f56bfc062723c751e8b465ee728b)  -> (artifact id: '020ef5bd05796b6f1b5d86d1905a212b') in 0.024198 seconds
  Import took 0.026137 seconds .

========================================================================
Received Import Request.
  Time since last request: 0.000249 seconds.
  path: Assets/TextMesh Pro/Examples & Extras/Resources/Fonts & Materials/Anton SDF - Outline.mat
  artifactKey: Guid(a00013af81304728b2be1f4309ee2433) Importer(815301076,1909f56bfc062723c751e8b465ee728b)
Start importing Assets/TextMesh Pro/Examples & Extras/Resources/Fonts & Materials/Anton SDF - Outline.mat using Guid(a00013af81304728b2be1f4309ee2433) Importer(815301076,1909f56bfc062723c751e8b465ee728b)  -> (artifact id: 'cb8f9685f6662a117a3768c6ebadb330') in 0.021413 seconds
  Import took 0.024423 seconds .

========================================================================
Received Import Request.
  Time since last request: 0.000212 seconds.
  path: Assets/TextMesh Pro/Examples & Extras/Resources/Color Gradient Presets/Dark to Light Green - Vertical.asset
  artifactKey: Guid(4c86a3366cd840348ebe8dc438570ee4) Importer(815301076,1909f56bfc062723c751e8b465ee728b)
Start importing Assets/TextMesh Pro/Examples & Extras/Resources/Color Gradient Presets/Dark to Light Green - Vertical.asset using Guid(4c86a3366cd840348ebe8dc438570ee4) Importer(815301076,1909f56bfc062723c751e8b465ee728b)  -> (artifact id: '70460bbb008b86b1cf042c80780e249b') in 0.011333 seconds
  Import took 0.013610 seconds .

========================================================================
Received Import Request.
  Time since last request: 0.000187 seconds.
  path: Assets/TextMesh Pro/Examples & Extras/Textures/Fruit Jelly (B&W).jpg
  artifactKey: Guid(1cdc5b506b1a4a33a53c30669ced1f51) Importer(815301076,1909f56bfc062723c751e8b465ee728b)
Start importing Assets/TextMesh Pro/Examples & Extras/Textures/Fruit Jelly (B&W).jpg using Guid(1cdc5b506b1a4a33a53c30669ced1f51) Importer(815301076,1909f56bfc062723c751e8b465ee728b)  -> (artifact id: '066fa104cbbe150daaa20d3c33841aa1') in 0.025912 seconds
  Import took 0.028628 seconds .

========================================================================
Received Import Request.
  Time since last request: 0.000179 seconds.
  path: Assets/TextMesh Pro/Examples & Extras/Fonts/Bangers.ttf
  artifactKey: Guid(5dd49b3eacc540408c98eee0de38e0f1) Importer(815301076,1909f56bfc062723c751e8b465ee728b)
Start importing Assets/TextMesh Pro/Examples & Extras/Fonts/Bangers.ttf using Guid(5dd49b3eacc540408c98eee0de38e0f1) Importer(815301076,1909f56bfc062723c751e8b465ee728b)  -> (artifact id: '1f7b02b23a88be1267da271d03b1551f') in 0.019914 seconds
  Import took 0.022109 seconds .

========================================================================
Received Import Request.
  Time since last request: 0.000207 seconds.
  path: Assets/TextMesh Pro/Examples & Extras/Textures/Floor Tiles 1 - diffuse.jpg
  artifactKey: Guid(85ac55597b97403c82fc6601a93cf241) Importer(815301076,1909f56bfc062723c751e8b465ee728b)
Start importing Assets/TextMesh Pro/Examples & Extras/Textures/Floor Tiles 1 - diffuse.jpg using Guid(85ac55597b97403c82fc6601a93cf241) Importer(815301076,1909f56bfc062723c751e8b465ee728b)  -> (artifact id: 'a90ee696ee2f73ec9ed53d5060fdc3d9') in 0.018950 seconds
  Import took 0.021527 seconds .

========================================================================
Received Import Request.
  Time since last request: 0.000428 seconds.
  path: Assets/TextMesh Pro/Examples & Extras/Resources/Fonts & Materials/Bangers SDF Logo.mat
  artifactKey: Guid(f4e195ac1e204eff960149d1cb34e18c) Importer(815301076,1909f56bfc062723c751e8b465ee728b)
Start importing Assets/TextMesh Pro/Examples & Extras/Resources/Fonts & Materials/Bangers SDF Logo.mat using Guid(f4e195ac1e204eff960149d1cb34e18c) Importer(815301076,1909f56bfc062723c751e8b465ee728b)  -> (artifact id: '4206c3f908f577b290fb21dbca08e5df') in 0.445263 seconds
  Import took 0.447698 seconds .

========================================================================
Received Import Request.
  Time since last request: 0.000198 seconds.
  path: Assets/TextMesh Pro/Resources/Sprite Assets/EmojiOne.asset
  artifactKey: Guid(c41005c129ba4d66911b75229fd70b45) Importer(815301076,1909f56bfc062723c751e8b465ee728b)
Start importing Assets/TextMesh Pro/Resources/Sprite Assets/EmojiOne.asset using Guid(c41005c129ba4d66911b75229fd70b45) Importer(815301076,1909f56bfc062723c751e8b465ee728b)  -> (artifact id: '08c86057e76dbab86fd5a5497b65f1ed') in 0.009828 seconds
  Import took 0.013246 seconds .

========================================================================
Received Import Request.
  Time since last request: 0.000232 seconds.
  path: Assets/TextMesh Pro/Examples & Extras/Textures/Floor Cement.jpg
  artifactKey: Guid(283f897e4925411ebbaa758b4cb13fc2) Importer(815301076,1909f56bfc062723c751e8b465ee728b)
Start importing Assets/TextMesh Pro/Examples & Extras/Textures/Floor Cement.jpg using Guid(283f897e4925411ebbaa758b4cb13fc2) Importer(815301076,1909f56bfc062723c751e8b465ee728b)  -> (artifact id: '22729a466f37d0842625df3d5e5feefe') in 0.027264 seconds
  Import took 0.030571 seconds .

========================================================================
Received Import Request.
  Time since last request: 0.000203 seconds.
  path: Assets/TextMesh Pro/Examples & Extras/Resources/Color Gradient Presets/Blue to Purple - Vertical.asset
  artifactKey: Guid(479a66fa4b094512a62b0a8e553ad95a) Importer(815301076,1909f56bfc062723c751e8b465ee728b)
Start importing Assets/TextMesh Pro/Examples & Extras/Resources/Color Gradient Presets/Blue to Purple - Vertical.asset using Guid(479a66fa4b094512a62b0a8e553ad95a) Importer(815301076,1909f56bfc062723c751e8b465ee728b)  -> (artifact id: '7cf59c4fbc77c2e32cf4dd99a741a045') in 0.013219 seconds
  Import took 0.032660 seconds .

AssetImportWorkerClient::OnTransportError - code=2 error=End of file
